2011-12-07 14:01:10 BC VERSION:0.0.0.10
2011-12-07 14:01:10 Tag ID:
2011-12-07 14:01:10 Unable to patch quietears, wrong bc version
2011-12-07 14:01:10 /vl/bc.jsp?v=0.0.0.10&m=00:19:db:9d:bb:96&l=00:00:00:00:00:00&p=00:00:00:00:00:00&h=4
2011-12-07 14:01:13 /vl/locate.php?sn=0019db9dbb96&h=4 => set to 192.168.2.84 / 192.168.2.84
2011-12-07 14:01:13 BC VERSION:65808
2011-12-07 14:01:13 Tag ID:
2011-12-07 14:01:13 I AM AT PING WRITE
2011-12-07 14:01:13 /vl/p4.jsp?sn=0019db9dbb96&v=65808&st=1&sd=0&tc=0&h=4 7f [0a,15]ID 2147483647; [04,23]7fffffff00000000000000000000000000000000000000 [03,1]78 ff0a
2011-12-07 14:02:31 BC VERSION:65808
2011-12-07 14:02:31 Tag ID:
2011-12-07 14:02:31 pinginterval: ping to main server
2011-12-07 14:02:31 I AM AT PING WRITE
2011-12-07 14:02:31 I AM AT TTS MEDIA
2011-12-07 14:02:31 tts: now playing Worchester
2011-12-07 14:02:31 /vl/p4.jsp?sn=0019db9dbb96&v=65808&st=1&sd=3&tc=7fffffff&h=4 7f [04,23]7fffffff00000000000000000000000000000000000000 [03,1]05 [0a,65]ID 934170;ST http://192.168.2.84/vl/temp/xh2takgifm.mp3;PL 1;MW; ff0a
2011-12-07 14:02:34 BC VERSION:65808
2011-12-07 14:02:34 Tag ID:
2011-12-07 14:02:34 pinginterval: ping to main server
2011-12-07 14:02:34 I AM AT PING WRITE
2011-12-07 14:02:34 /vl/p4.jsp?sn=0019db9dbb96&v=65808&st=1&sd=2&tc=e411a&h=4 7f [04,23]7fffffff00000000000000000000000000000000000000 [03,1]05  ff0a
2011-12-07 14:02:40 BC VERSION:65808
2011-12-07 14:02:40 Tag ID:
2011-12-07 14:02:40 I AM AT PING WRITE
2011-12-07 14:02:40 /vl/p4.jsp?sn=0019db9dbb96&v=65808&st=1&sd=0&tc=e411a&h=4 7f [04,23]7fffffff00000000000000000000000000000000000000 [03,1]05  ff0a
2011-12-07 14:02:41 BC VERSION:65808
2011-12-07 14:02:41 Tag ID:
2011-12-07 14:02:41 pinginterval: ping to main server
2011-12-07 14:02:41 I AM AT PING WRITE
2011-12-07 14:02:41 /vl/p4.jsp?sn=0019db9dbb96&v=65808&st=1&sd=3&tc=e411a&h=4 7f [04,23]7fffffff00000000000000000000000000000000000000 [03,1]05  ff0a
2011-12-07 14:02:45 BC VERSION:65808
2011-12-07 14:02:45 Tag ID:
2011-12-07 14:02:45 pinginterval: ping to main server
2011-12-07 14:02:45 I AM AT PING WRITE
2011-12-07 14:02:45 /vl/p4.jsp?sn=0019db9dbb96&v=65808&st=1&sd=3&tc=e411a&h=4 7f [04,23]7fffffff00000000000000000000000000000000000000 [03,1]05  ff0a
2011-12-07 14:02:51 BC VERSION:65808
2011-12-07 14:02:51 Tag ID:
2011-12-07 14:02:51 I AM AT PING WRITE
2011-12-07 14:02:51 /vl/p4.jsp?sn=0019db9dbb96&v=65808&st=1&sd=0&tc=e411a&h=4 7f [04,23]7fffffff00000000000000000000000000000000000000 [03,1]05  ff0a
2011-12-07 14:02:57 BC VERSION:65808
2011-12-07 14:02:57 Tag ID:
2011-12-07 14:02:57 I AM AT PING WRITE
2011-12-07 14:02:57 I AM AT TTS MEDIA
2011-12-07 14:02:57 tts: now playing what_are_you_saying
2011-12-07 14:02:57 /vl/p4.jsp?sn=0019db9dbb96&v=65808&st=1&sd=0&tc=e411a&h=4 7f [04,23]7fffffff00000000000000000000000000000000000000 [03,1]05 [0a,67]ID 12318357;ST http://192.168.2.84/vl/temp/kntgjdo7f1.mp3;PL 1;MW; ff0a
2011-12-07 14:02:59 BC VERSION:65808
2011-12-07 14:02:59 Tag ID:
2011-12-07 14:02:59 pinginterval: ping to main server
2011-12-07 14:02:59 I AM AT PING WRITE
2011-12-07 14:02:59 /vl/p4.jsp?sn=0019db9dbb96&v=65808&st=1&sd=2&tc=bbf695&h=4 7f [04,23]7fffffff00000000000000000000000000000000000000 [03,1]05  ff0a
2011-12-07 14:03:05 BC VERSION:65808
2011-12-07 14:03:05 Tag ID:
2011-12-07 14:03:05 I AM AT PING WRITE
2011-12-07 14:03:05 /vl/p4.jsp?sn=0019db9dbb96&v=65808&st=1&sd=0&tc=bbf695&h=4 7f [04,23]7fffffff00000000000000000000000000000000000000 [03,1]05  ff0a
2011-12-07 14:03:11 BC VERSION:65808
2011-12-07 14:03:11 Tag ID:
2011-12-07 14:03:11 I AM AT PING WRITE
2011-12-07 14:03:11 /vl/p4.jsp?sn=0019db9dbb96&v=65808&st=1&sd=0&tc=bbf695&h=4 7f [04,23]7fffffff00000000000000000000000000000000000000 [03,1]05  ff0a
2011-12-07 14:03:17 BC VERSION:65808
2011-12-07 14:03:17 Tag ID:
2011-12-07 14:03:17 I AM AT PING WRITE
2011-12-07 14:03:17 /vl/p4.jsp?sn=0019db9dbb96&v=65808&st=1&sd=0&tc=bbf695&h=4 7f [04,23]7fffffff00000000000000000000000000000000000000 [03,1]05  ff0a
2011-12-07 14:03:23 BC VERSION:65808
2011-12-07 14:03:23 Tag ID:
2011-12-07 14:03:23 I AM AT PING WRITE
2011-12-07 14:03:23 /vl/p4.jsp?sn=0019db9dbb96&v=65808&st=1&sd=0&tc=bbf695&h=4 7f [04,23]7fffffff00000000000000000000000000000000000000 [03,1]05  ff0a
2011-12-07 14:03:30 BC VERSION:65808
2011-12-07 14:03:30 Tag ID:
2011-12-07 14:03:30 I AM AT PING WRITE
2011-12-07 14:03:30 /vl/p4.jsp?sn=0019db9dbb96&v=65808&st=1&sd=0&tc=bbf695&h=4 7f [04,23]7fffffff00000000000000000000000000000000000000 [03,1]05  ff0a
2011-12-07 14:03:37 BC VERSION:65808
2011-12-07 14:03:37 Tag ID:
2011-12-07 14:03:37 I AM AT PING WRITE
2011-12-07 14:03:37 /vl/p4.jsp?sn=0019db9dbb96&v=65808&st=1&sd=0&tc=bbf695&h=4 7f [04,23]7fffffff00000000000000000000000000000000000000 [03,1]05  ff0a
2011-12-07 14:03:43 BC VERSION:65808
2011-12-07 14:03:43 Tag ID:
2011-12-07 14:03:43 I AM AT PING WRITE
2011-12-07 14:03:43 /vl/p4.jsp?sn=0019db9dbb96&v=65808&st=1&sd=0&tc=bbf695&h=4 7f [04,23]7fffffff00000000000000000000000000000000000000 [03,1]05  ff0a
2011-12-07 14:03:49 BC VERSION:65808
2011-12-07 14:03:49 Tag ID:
2011-12-07 14:03:49 I AM AT PING WRITE
2011-12-07 14:03:49 /vl/p4.jsp?sn=0019db9dbb96&v=65808&st=1&sd=0&tc=bbf695&h=4 7f [04,23]7fffffff00000000000000000000000000000000000000 [03,1]05  ff0a
2011-12-07 14:03:49 BC VERSION:65808
2011-12-07 14:03:49 Tag ID:
2011-12-07 14:03:49 pinginterval: ping to main server
2011-12-07 14:03:49 I AM AT PING WRITE
2011-12-07 14:03:49 /vl/p4.jsp?sn=0019db9dbb96&v=65808&st=1&sd=3&tc=bbf695&h=4 7f [04,23]7fffffff00000000000000000000000000000000000000 [03,1]05  ff0a
2011-12-07 14:03:56 BC VERSION:65808
2011-12-07 14:03:56 Tag ID:
2011-12-07 14:03:56 I AM AT PING WRITE
2011-12-07 14:03:56 /vl/p4.jsp?sn=0019db9dbb96&v=65808&st=1&sd=0&tc=bbf695&h=4 7f [04,23]7fffffff00000000000000000000000000000000000000 [03,1]05  ff0a
2011-12-07 14:04:02 BC VERSION:65808
2011-12-07 14:04:02 Tag ID:
2011-12-07 14:04:02 I AM AT PING WRITE
2011-12-07 14:04:02 I AM AT TTS MEDIA
2011-12-07 14:04:02 tts: now playing hi_aabhushan
2011-12-07 14:04:02 /vl/p4.jsp?sn=0019db9dbb96&v=65808&st=1&sd=0&tc=bbf695&h=4 7f [04,23]7fffffff00000000000000000000000000000000000000 [03,1]05 [0a,66]ID 1063674;ST http://192.168.2.84/vl/temp/6szg2itfuv.mp3;PL 1;MW; ff0a
2011-12-07 14:04:03 BC VERSION:65808
2011-12-07 14:04:03 Tag ID:
2011-12-07 14:04:03 pinginterval: ping to main server
2011-12-07 14:04:03 I AM AT PING WRITE
2011-12-07 14:04:03 /vl/p4.jsp?sn=0019db9dbb96&v=65808&st=1&sd=2&tc=103afa&h=4 7f [04,23]7fffffff00000000000000000000000000000000000000 [03,1]05  ff0a
2011-12-07 14:04:10 BC VERSION:65808
2011-12-07 14:04:10 Tag ID:
2011-12-07 14:04:10 I AM AT PING WRITE
2011-12-07 14:04:10 /vl/p4.jsp?sn=0019db9dbb96&v=65808&st=1&sd=0&tc=103afa&h=4 7f [04,23]7fffffff00000000000000000000000000000000000000 [03,1]05  ff0a
2011-12-07 14:04:16 BC VERSION:65808
2011-12-07 14:04:16 Tag ID:
2011-12-07 14:04:16 I AM AT PING WRITE
2011-12-07 14:04:16 /vl/p4.jsp?sn=0019db9dbb96&v=65808&st=1&sd=0&tc=103afa&h=4 7f [04,23]7fffffff00000000000000000000000000000000000000 [03,1]05  ff0a
2011-12-07 14:04:22 BC VERSION:65808
2011-12-07 14:04:22 Tag ID:
2011-12-07 14:04:22 I AM AT PING WRITE
2011-12-07 14:04:22 /vl/p4.jsp?sn=0019db9dbb96&v=65808&st=1&sd=0&tc=103afa&h=4 7f [04,23]7fffffff00000000000000000000000000000000000000 [03,1]05  ff0a
2011-12-07 14:04:28 BC VERSION:65808
2011-12-07 14:04:28 Tag ID:
2011-12-07 14:04:28 I AM AT PING WRITE
2011-12-07 14:04:28 /vl/p4.jsp?sn=0019db9dbb96&v=65808&st=1&sd=0&tc=103afa&h=4 7f [04,23]7fffffff00000000000000000000000000000000000000 [03,1]05  ff0a
2011-12-07 14:04:33 BC VERSION:65808
2011-12-07 14:04:33 Tag ID:
2011-12-07 14:04:33 I AM AT PING WRITE
2011-12-07 14:04:33 /vl/p4.jsp?sn=0019db9dbb96&v=65808&st=1&sd=0&tc=103afa&h=4 7f [04,23]7fffffff00000000000000000000000000000000000000 [03,1]05  ff0a
2011-12-07 14:04:40 BC VERSION:65808
2011-12-07 14:04:40 Tag ID:
2011-12-07 14:04:40 I AM AT PING WRITE
2011-12-07 14:04:40 /vl/p4.jsp?sn=0019db9dbb96&v=65808&st=1&sd=0&tc=103afa&h=4 7f [04,23]7fffffff00000000000000000000000000000000000000 [03,1]05  ff0a
2011-12-07 14:04:46 BC VERSION:65808
2011-12-07 14:04:46 Tag ID:
2011-12-07 14:04:46 I AM AT PING WRITE
2011-12-07 14:04:46 /vl/p4.jsp?sn=0019db9dbb96&v=65808&st=1&sd=0&tc=103afa&h=4 7f [04,23]7fffffff00000000000000000000000000000000000000 [03,1]05  ff0a
2011-12-07 14:04:52 BC VERSION:65808
2011-12-07 14:04:52 Tag ID:
2011-12-07 14:04:52 I AM AT PING WRITE
2011-12-07 14:04:52 /vl/p4.jsp?sn=0019db9dbb96&v=65808&st=1&sd=0&tc=103afa&h=4 7f [04,23]7fffffff00000000000000000000000000000000000000 [03,1]05  ff0a
2011-12-07 14:04:58 BC VERSION:65808
2011-12-07 14:04:58 Tag ID:
2011-12-07 14:04:58 I AM AT PING WRITE
2011-12-07 14:04:58 /vl/p4.jsp?sn=0019db9dbb96&v=65808&st=1&sd=0&tc=103afa&h=4 7f [04,23]7fffffff00000000000000000000000000000000000000 [03,1]05  ff0a
2011-12-07 14:05:04 BC VERSION:65808
2011-12-07 14:05:04 Tag ID:
2011-12-07 14:05:04 I AM AT PING WRITE
2011-12-07 14:05:04 /vl/p4.jsp?sn=0019db9dbb96&v=65808&st=1&sd=0&tc=103afa&h=4 7f [04,23]7fffffff00000000000000000000000000000000000000 [03,1]05  ff0a
2011-12-07 14:05:10 BC VERSION:65808
2011-12-07 14:05:10 Tag ID:
2011-12-07 14:05:10 I AM AT PING WRITE
2011-12-07 14:05:10 /vl/p4.jsp?sn=0019db9dbb96&v=65808&st=1&sd=0&tc=103afa&h=4 7f [04,23]7fffffff00000000000000000000000000000000000000 [03,1]05  ff0a
2011-12-07 14:05:16 BC VERSION:65808
2011-12-07 14:05:16 Tag ID:
2011-12-07 14:05:16 I AM AT PING WRITE
2011-12-07 14:05:16 /vl/p4.jsp?sn=0019db9dbb96&v=65808&st=1&sd=0&tc=103afa&h=4 7f [04,23]7fffffff00000000000000000000000000000000000000 [03,1]05  ff0a
2011-12-07 14:05:22 BC VERSION:65808
2011-12-07 14:05:22 Tag ID:
2011-12-07 14:05:22 I AM AT PING WRITE
2011-12-07 14:05:22 /vl/p4.jsp?sn=0019db9dbb96&v=65808&st=1&sd=0&tc=103afa&h=4 7f [04,23]7fffffff00000000000000000000000000000000000000 [03,1]05  ff0a
2011-12-07 14:05:28 BC VERSION:65808
2011-12-07 14:05:28 Tag ID:
2011-12-07 14:05:28 I AM AT PING WRITE
2011-12-07 14:05:28 /vl/p4.jsp?sn=0019db9dbb96&v=65808&st=1&sd=0&tc=103afa&h=4 7f [04,23]7fffffff00000000000000000000000000000000000000 [03,1]05  ff0a
2011-12-07 14:05:34 BC VERSION:65808
2011-12-07 14:05:34 Tag ID:
2011-12-07 14:05:34 I AM AT PING WRITE
2011-12-07 14:05:34 I AM AT TTS MEDIA
2011-12-07 14:05:34 tts: now playing what
2011-12-07 14:05:34 /vl/p4.jsp?sn=0019db9dbb96&v=65808&st=1&sd=0&tc=103afa&h=4 7f [04,23]7fffffff00000000000000000000000000000000000000 [03,1]05 [0a,65]ID 6457578;ST http://192.168.2.84/vl/temp/vl9yjpgvp.mp3;PL 1;MW; ff0a
2011-12-07 14:05:35 BC VERSION:65808
2011-12-07 14:05:35 Tag ID:
2011-12-07 14:05:35 pinginterval: ping to main server
2011-12-07 14:05:35 I AM AT PING WRITE
2011-12-07 14:05:35 /vl/p4.jsp?sn=0019db9dbb96&v=65808&st=1&sd=2&tc=6288ea&h=4 7f [04,23]7fffffff00000000000000000000000000000000000000 [03,1]05  ff0a
2011-12-07 14:05:42 BC VERSION:65808
2011-12-07 14:05:42 Tag ID:
2011-12-07 14:05:42 I AM AT PING WRITE
2011-12-07 14:05:42 /vl/p4.jsp?sn=0019db9dbb96&v=65808&st=1&sd=0&tc=6288ea&h=4 7f [04,23]7fffffff00000000000000000000000000000000000000 [03,1]05  ff0a
2011-12-07 14:05:48 BC VERSION:65808
2011-12-07 14:05:48 Tag ID:
2011-12-07 14:05:48 I AM AT PING WRITE
2011-12-07 14:05:48 /vl/p4.jsp?sn=0019db9dbb96&v=65808&st=1&sd=0&tc=6288ea&h=4 7f [04,23]7fffffff00000000000000000000000000000000000000 [03,1]05  ff0a
2011-12-07 14:05:54 BC VERSION:65808
2011-12-07 14:05:54 Tag ID:
2011-12-07 14:05:54 I AM AT PING WRITE
2011-12-07 14:05:54 I AM AT TTS MEDIA
2011-12-07 14:05:54 tts: now playing Michael
2011-12-07 14:05:54 /vl/p4.jsp?sn=0019db9dbb96&v=65808&st=1&sd=0&tc=6288ea&h=4 7f [04,23]7fffffff00000000000000000000000000000000000000 [03,1]05 [0a,67]ID 13989319;ST http://192.168.2.84/vl/temp/3d6fy4islf.mp3;PL 1;MW; ff0a
2011-12-07 14:05:56 BC VERSION:65808
2011-12-07 14:05:56 Tag ID:
2011-12-07 14:05:56 pinginterval: ping to main server
2011-12-07 14:05:56 I AM AT PING WRITE
2011-12-07 14:05:56 /vl/p4.jsp?sn=0019db9dbb96&v=65808&st=1&sd=2&tc=d575c7&h=4 7f [04,23]7fffffff00000000000000000000000000000000000000 [03,1]05  ff0a
2011-12-07 14:06:02 BC VERSION:65808
2011-12-07 14:06:02 Tag ID:
2011-12-07 14:06:02 I AM AT PING WRITE
2011-12-07 14:06:02 /vl/p4.jsp?sn=0019db9dbb96&v=65808&st=1&sd=0&tc=d575c7&h=4 7f [04,23]7fffffff00000000000000000000000000000000000000 [03,1]05  ff0a
2011-12-07 14:06:07 BC VERSION:65808
2011-12-07 14:06:07 Tag ID:
2011-12-07 14:06:07 I AM AT PING WRITE
2011-12-07 14:06:07 I AM AT TTS MEDIA
2011-12-07 14:06:08 tts: now playing Chris
2011-12-07 14:06:08 /vl/p4.jsp?sn=0019db9dbb96&v=65808&st=1&sd=0&tc=d575c7&h=4 7f [04,23]7fffffff00000000000000000000000000000000000000 [03,1]05 [0a,66]ID 2130119;ST http://192.168.2.84/vl/temp/75n51fzya6.mp3;PL 1;MW; ff0a
2011-12-07 14:06:09 BC VERSION:65808
2011-12-07 14:06:09 Tag ID:
2011-12-07 14:06:09 pinginterval: ping to main server
2011-12-07 14:06:09 I AM AT PING WRITE
2011-12-07 14:06:09 /vl/p4.jsp?sn=0019db9dbb96&v=65808&st=1&sd=2&tc=2080c7&h=4 7f [04,23]7fffffff00000000000000000000000000000000000000 [03,1]05  ff0a
2011-12-07 14:06:15 BC VERSION:65808
2011-12-07 14:06:15 Tag ID:
2011-12-07 14:06:15 I AM AT PING WRITE
2011-12-07 14:06:15 I AM AT TTS MEDIA
2011-12-07 14:06:16 tts: now playing Michael
2011-12-07 14:06:16 /vl/p4.jsp?sn=0019db9dbb96&v=65808&st=1&sd=0&tc=2080c7&h=4 7f [04,23]7fffffff00000000000000000000000000000000000000 [03,1]05 [0a,66]ID 9542841;ST http://192.168.2.84/vl/temp/tpdlpubkt7.mp3;PL 1;MW; ff0a
2011-12-07 14:06:17 BC VERSION:65808
2011-12-07 14:06:17 Tag ID:
2011-12-07 14:06:17 pinginterval: ping to main server
2011-12-07 14:06:17 I AM AT PING WRITE
2011-12-07 14:06:17 /vl/p4.jsp?sn=0019db9dbb96&v=65808&st=1&sd=2&tc=919cb9&h=4 7f [04,23]7fffffff00000000000000000000000000000000000000 [03,1]05  ff0a
2011-12-07 14:06:23 BC VERSION:65808
2011-12-07 14:06:23 Tag ID:
2011-12-07 14:06:23 I AM AT PING WRITE
2011-12-07 14:06:23 I AM AT TTS MEDIA
2011-12-07 14:06:24 tts: now playing aabhushan
2011-12-07 14:06:24 /vl/p4.jsp?sn=0019db9dbb96&v=65808&st=1&sd=0&tc=919cb9&h=4 7f [04,23]7fffffff00000000000000000000000000000000000000 [03,1]05 [0a,65]ID 363963;ST http://192.168.2.84/vl/temp/uymswo145n.mp3;PL 1;MW; ff0a
2011-12-07 14:06:26 BC VERSION:65808
2011-12-07 14:06:26 Tag ID:
2011-12-07 14:06:26 pinginterval: ping to main server
2011-12-07 14:06:26 I AM AT PING WRITE
2011-12-07 14:06:26 /vl/p4.jsp?sn=0019db9dbb96&v=65808&st=1&sd=2&tc=58dbb&h=4 7f [04,23]7fffffff00000000000000000000000000000000000000 [03,1]05  ff0a
2011-12-07 14:06:32 BC VERSION:65808
2011-12-07 14:06:32 Tag ID:
2011-12-07 14:06:32 I AM AT PING WRITE
2011-12-07 14:06:32 /vl/p4.jsp?sn=0019db9dbb96&v=65808&st=1&sd=0&tc=58dbb&h=4 7f [04,23]7fffffff00000000000000000000000000000000000000 [03,1]05  ff0a
2011-12-07 14:06:38 BC VERSION:65808
2011-12-07 14:06:38 Tag ID:
2011-12-07 14:06:38 I AM AT PING WRITE
2011-12-07 14:06:38 /vl/p4.jsp?sn=0019db9dbb96&v=65808&st=1&sd=0&tc=58dbb&h=4 7f [04,23]7fffffff00000000000000000000000000000000000000 [03,1]05  ff0a
2011-12-07 14:06:43 BC VERSION:65808
2011-12-07 14:06:43 Tag ID:
2011-12-07 14:06:43 I AM AT PING WRITE
2011-12-07 14:06:43 /vl/p4.jsp?sn=0019db9dbb96&v=65808&st=1&sd=0&tc=58dbb&h=4 7f [04,23]7fffffff00000000000000000000000000000000000000 [03,1]05  ff0a
2011-12-07 14:06:50 BC VERSION:65808
2011-12-07 14:06:50 Tag ID:
2011-12-07 14:06:50 I AM AT PING WRITE
2011-12-07 14:06:50 /vl/p4.jsp?sn=0019db9dbb96&v=65808&st=1&sd=0&tc=58dbb&h=4 7f [04,23]7fffffff00000000000000000000000000000000000000 [03,1]05  ff0a
2011-12-07 14:06:56 BC VERSION:65808
2011-12-07 14:06:56 Tag ID:
2011-12-07 14:06:56 I AM AT PING WRITE
2011-12-07 14:06:56 /vl/p4.jsp?sn=0019db9dbb96&v=65808&st=1&sd=0&tc=58dbb&h=4 7f [04,23]7fffffff00000000000000000000000000000000000000 [03,1]05  ff0a
2011-12-07 14:07:02 BC VERSION:65808
2011-12-07 14:07:02 Tag ID:
2011-12-07 14:07:02 I AM AT PING WRITE
2011-12-07 14:07:02 /vl/p4.jsp?sn=0019db9dbb96&v=65808&st=1&sd=0&tc=58dbb&h=4 7f [04,23]7fffffff00000000000000000000000000000000000000 [03,1]05  ff0a
2011-12-07 14:07:08 BC VERSION:65808
2011-12-07 14:07:08 Tag ID:
2011-12-07 14:07:08 I AM AT PING WRITE
2011-12-07 14:07:08 /vl/p4.jsp?sn=0019db9dbb96&v=65808&st=1&sd=0&tc=58dbb&h=4 7f [04,23]7fffffff00000000000000000000000000000000000000 [03,1]05  ff0a
2011-12-07 14:07:14 BC VERSION:65808
2011-12-07 14:07:14 Tag ID:
2011-12-07 14:07:14 I AM AT PING WRITE
2011-12-07 14:07:14 /vl/p4.jsp?sn=0019db9dbb96&v=65808&st=1&sd=0&tc=58dbb&h=4 7f [04,23]7fffffff00000000000000000000000000000000000000 [03,1]05  ff0a
2011-12-07 14:07:20 BC VERSION:65808
2011-12-07 14:07:20 Tag ID:
2011-12-07 14:07:20 I AM AT PING WRITE
2011-12-07 14:07:20 /vl/p4.jsp?sn=0019db9dbb96&v=65808&st=1&sd=0&tc=58dbb&h=4 7f [04,23]7fffffff00000000000000000000000000000000000000 [03,1]05  ff0a
2011-12-07 14:07:26 BC VERSION:65808
2011-12-07 14:07:26 Tag ID:
2011-12-07 14:07:26 I AM AT PING WRITE
2011-12-07 14:07:26 /vl/p4.jsp?sn=0019db9dbb96&v=65808&st=1&sd=0&tc=58dbb&h=4 7f [04,23]7fffffff00000000000000000000000000000000000000 [03,1]05  ff0a
2011-12-07 14:07:32 BC VERSION:65808
2011-12-07 14:07:32 Tag ID:
2011-12-07 14:07:32 I AM AT PING WRITE
2011-12-07 14:07:32 /vl/p4.jsp?sn=0019db9dbb96&v=65808&st=1&sd=0&tc=58dbb&h=4 7f [04,23]7fffffff00000000000000000000000000000000000000 [03,1]05  ff0a
2011-12-07 14:07:37 BC VERSION:65808
2011-12-07 14:07:37 Tag ID:
2011-12-07 14:07:37 I AM AT PING WRITE
2011-12-07 14:07:37 /vl/p4.jsp?sn=0019db9dbb96&v=65808&st=1&sd=0&tc=58dbb&h=4 7f [04,23]7fffffff00000000000000000000000000000000000000 [03,1]05  ff0a
2011-12-07 14:07:43 BC VERSION:65808
2011-12-07 14:07:43 Tag ID:
2011-12-07 14:07:43 I AM AT PING WRITE
2011-12-07 14:07:43 /vl/p4.jsp?sn=0019db9dbb96&v=65808&st=1&sd=0&tc=58dbb&h=4 7f [04,23]7fffffff00000000000000000000000000000000000000 [03,1]05  ff0a
2011-12-07 14:07:49 BC VERSION:65808
2011-12-07 14:07:49 Tag ID:
2011-12-07 14:07:49 I AM AT PING WRITE
2011-12-07 14:07:49 /vl/p4.jsp?sn=0019db9dbb96&v=65808&st=1&sd=0&tc=58dbb&h=4 7f [04,23]7fffffff00000000000000000000000000000000000000 [03,1]05  ff0a
2011-12-07 14:07:56 BC VERSION:65808
2011-12-07 14:07:56 Tag ID:
2011-12-07 14:07:56 I AM AT PING WRITE
2011-12-07 14:07:56 /vl/p4.jsp?sn=0019db9dbb96&v=65808&st=1&sd=0&tc=58dbb&h=4 7f [04,23]7fffffff00000000000000000000000000000000000000 [03,1]05  ff0a
2011-12-07 14:08:01 BC VERSION:65808
2011-12-07 14:08:01 Tag ID:
2011-12-07 14:08:01 I AM AT PING WRITE
2011-12-07 14:08:01 /vl/p4.jsp?sn=0019db9dbb96&v=65808&st=1&sd=0&tc=58dbb&h=4 7f [04,23]7fffffff00000000000000000000000000000000000000 [03,1]05  ff0a
2011-12-07 14:08:08 BC VERSION:65808
2011-12-07 14:08:08 Tag ID:
2011-12-07 14:08:08 I AM AT PING WRITE
2011-12-07 14:08:08 /vl/p4.jsp?sn=0019db9dbb96&v=65808&st=1&sd=0&tc=58dbb&h=4 7f [04,23]7fffffff00000000000000000000000000000000000000 [03,1]05  ff0a
2011-12-07 14:08:13 BC VERSION:65808
2011-12-07 14:08:13 Tag ID:
2011-12-07 14:08:13 I AM AT PING WRITE
2011-12-07 14:08:13 /vl/p4.jsp?sn=0019db9dbb96&v=65808&st=1&sd=0&tc=58dbb&h=4 7f [04,23]7fffffff00000000000000000000000000000000000000 [03,1]05  ff0a
2011-12-07 14:08:20 BC VERSION:65808
2011-12-07 14:08:20 Tag ID:
2011-12-07 14:08:20 I AM AT PING WRITE
2011-12-07 14:08:20 /vl/p4.jsp?sn=0019db9dbb96&v=65808&st=1&sd=0&tc=58dbb&h=4 7f [04,23]7fffffff00000000000000000000000000000000000000 [03,1]05  ff0a
2011-12-07 14:08:26 BC VERSION:65808
2011-12-07 14:08:26 Tag ID:
2011-12-07 14:08:26 I AM AT PING WRITE
2011-12-07 14:08:26 /vl/p4.jsp?sn=0019db9dbb96&v=65808&st=1&sd=0&tc=58dbb&h=4 7f [04,23]7fffffff00000000000000000000000000000000000000 [03,1]05  ff0a
2011-12-07 14:08:32 BC VERSION:65808
2011-12-07 14:08:32 Tag ID:
2011-12-07 14:08:32 I AM AT PING WRITE
2011-12-07 14:08:32 /vl/p4.jsp?sn=0019db9dbb96&v=65808&st=1&sd=0&tc=58dbb&h=4 7f [04,23]7fffffff00000000000000000000000000000000000000 [03,1]05  ff0a
2011-12-07 14:08:38 BC VERSION:65808
2011-12-07 14:08:38 Tag ID:
2011-12-07 14:08:38 I AM AT PING WRITE
2011-12-07 14:08:38 /vl/p4.jsp?sn=0019db9dbb96&v=65808&st=1&sd=0&tc=58dbb&h=4 7f [04,23]7fffffff00000000000000000000000000000000000000 [03,1]05  ff0a
2011-12-07 14:08:44 BC VERSION:65808
2011-12-07 14:08:44 Tag ID:
2011-12-07 14:08:44 I AM AT PING WRITE
2011-12-07 14:08:44 /vl/p4.jsp?sn=0019db9dbb96&v=65808&st=1&sd=0&tc=58dbb&h=4 7f [04,23]7fffffff00000000000000000000000000000000000000 [03,1]05  ff0a
2011-12-07 14:08:50 BC VERSION:65808
2011-12-07 14:08:50 Tag ID:
2011-12-07 14:08:50 pinginterval: ping to main server
2011-12-07 14:08:50 I AM AT PING WRITE
2011-12-07 14:08:50 /vl/p4.jsp?sn=0019db9dbb96&v=65808&st=1&sd=0&tc=58dbb&h=4 7f [04,23]7fffffff00000000000000000000000000000000000000 [03,1]05  ff0a
2011-12-07 14:08:56 BC VERSION:65808
2011-12-07 14:08:56 Tag ID:
2011-12-07 14:08:56 I AM AT PING WRITE
2011-12-07 14:08:56 /vl/p4.jsp?sn=0019db9dbb96&v=65808&st=1&sd=0&tc=58dbb&h=4 7f [04,23]7fffffff00000000000000000000000000000000000000 [03,1]05  ff0a
2011-12-07 14:09:02 BC VERSION:65808
2011-12-07 14:09:02 Tag ID:
2011-12-07 14:09:02 I AM AT PING WRITE
2011-12-07 14:09:02 /vl/p4.jsp?sn=0019db9dbb96&v=65808&st=1&sd=0&tc=58dbb&h=4 7f [04,23]7fffffff00000000000000000000000000000000000000 [03,1]05  ff0a
2011-12-07 14:09:07 BC VERSION:65808
2011-12-07 14:09:07 Tag ID:
2011-12-07 14:09:07 I AM AT PING WRITE
2011-12-07 14:09:07 /vl/p4.jsp?sn=0019db9dbb96&v=65808&st=1&sd=0&tc=58dbb&h=4 7f [04,23]7fffffff00000000000000000000000000000000000000 [03,1]05  ff0a
2011-12-07 14:09:15 BC VERSION:65808
2011-12-07 14:09:15 Tag ID:
2011-12-07 14:09:15 I AM AT PING WRITE
2011-12-07 14:09:15 /vl/p4.jsp?sn=0019db9dbb96&v=65808&st=1&sd=0&tc=58dbb&h=4 7f [04,23]7fffffff00000000000000000000000000000000000000 [03,1]05  ff0a
2011-12-07 14:09:22 BC VERSION:65808
2011-12-07 14:09:22 Tag ID:
2011-12-07 14:09:22 I AM AT PING WRITE
2011-12-07 14:09:22 /vl/p4.jsp?sn=0019db9dbb96&v=65808&st=1&sd=0&tc=58dbb&h=4 7f [04,23]7fffffff00000000000000000000000000000000000000 [03,1]05  ff0a
2011-12-07 14:09:27 BC VERSION:65808
2011-12-07 14:09:27 Tag ID:
2011-12-07 14:09:27 I AM AT PING WRITE
2011-12-07 14:09:27 /vl/p4.jsp?sn=0019db9dbb96&v=65808&st=1&sd=0&tc=58dbb&h=4 7f [04,23]7fffffff00000000000000000000000000000000000000 [03,1]05  ff0a
2011-12-07 14:09:34 BC VERSION:65808
2011-12-07 14:09:34 Tag ID:
2011-12-07 14:09:34 I AM AT PING WRITE
2011-12-07 14:09:34 /vl/p4.jsp?sn=0019db9dbb96&v=65808&st=1&sd=0&tc=58dbb&h=4 7f [04,23]7fffffff00000000000000000000000000000000000000 [03,1]05  ff0a
2011-12-07 14:09:39 BC VERSION:65808
2011-12-07 14:09:39 Tag ID:
2011-12-07 14:09:39 I AM AT PING WRITE
2011-12-07 14:09:39 /vl/p4.jsp?sn=0019db9dbb96&v=65808&st=1&sd=0&tc=58dbb&h=4 7f [04,23]7fffffff00000000000000000000000000000000000000 [03,1]05  ff0a
2011-12-07 14:09:46 BC VERSION:65808
2011-12-07 14:09:46 Tag ID:
2011-12-07 14:09:46 I AM AT PING WRITE
2011-12-07 14:09:46 /vl/p4.jsp?sn=0019db9dbb96&v=65808&st=1&sd=0&tc=58dbb&h=4 7f [04,23]7fffffff00000000000000000000000000000000000000 [03,1]05  ff0a
2011-12-07 14:09:51 BC VERSION:65808
2011-12-07 14:09:51 Tag ID:
2011-12-07 14:09:51 I AM AT PING WRITE
2011-12-07 14:09:51 /vl/p4.jsp?sn=0019db9dbb96&v=65808&st=1&sd=0&tc=58dbb&h=4 7f [04,23]7fffffff00000000000000000000000000000000000000 [03,1]05  ff0a
2011-12-07 14:09:58 BC VERSION:65808
2011-12-07 14:09:58 Tag ID:
2011-12-07 14:09:58 I AM AT PING WRITE
2011-12-07 14:09:58 /vl/p4.jsp?sn=0019db9dbb96&v=65808&st=1&sd=0&tc=58dbb&h=4 7f [04,23]7fffffff00000000000000000000000000000000000000 [03,1]05  ff0a
2011-12-07 14:10:03 BC VERSION:65808
2011-12-07 14:10:03 Tag ID:
2011-12-07 14:10:03 I AM AT PING WRITE
2011-12-07 14:10:03 /vl/p4.jsp?sn=0019db9dbb96&v=65808&st=1&sd=0&tc=58dbb&h=4 7f [04,23]7fffffff00000000000000000000000000000000000000 [03,1]05  ff0a
2011-12-07 14:10:10 BC VERSION:65808
2011-12-07 14:10:10 Tag ID:
2011-12-07 14:10:10 I AM AT PING WRITE
2011-12-07 14:10:10 /vl/p4.jsp?sn=0019db9dbb96&v=65808&st=1&sd=0&tc=58dbb&h=4 7f [04,23]7fffffff00000000000000000000000000000000000000 [03,1]05  ff0a
2011-12-07 14:10:15 BC VERSION:65808
2011-12-07 14:10:15 Tag ID:
2011-12-07 14:10:15 I AM AT PING WRITE
2011-12-07 14:10:15 /vl/p4.jsp?sn=0019db9dbb96&v=65808&st=1&sd=0&tc=58dbb&h=4 7f [04,23]7fffffff00000000000000000000000000000000000000 [03,1]05  ff0a
2011-12-07 14:10:22 BC VERSION:65808
2011-12-07 14:10:22 Tag ID:
2011-12-07 14:10:22 I AM AT PING WRITE
2011-12-07 14:10:22 /vl/p4.jsp?sn=0019db9dbb96&v=65808&st=1&sd=0&tc=58dbb&h=4 7f [04,23]7fffffff00000000000000000000000000000000000000 [03,1]05  ff0a
2011-12-07 14:10:28 BC VERSION:65808
2011-12-07 14:10:28 Tag ID:
2011-12-07 14:10:28 I AM AT PING WRITE
2011-12-07 14:10:28 /vl/p4.jsp?sn=0019db9dbb96&v=65808&st=1&sd=0&tc=58dbb&h=4 7f [04,23]7fffffff00000000000000000000000000000000000000 [03,1]05  ff0a
2011-12-07 14:10:34 BC VERSION:65808
2011-12-07 14:10:34 Tag ID:
2011-12-07 14:10:34 I AM AT PING WRITE
2011-12-07 14:10:34 /vl/p4.jsp?sn=0019db9dbb96&v=65808&st=1&sd=0&tc=58dbb&h=4 7f [04,23]7fffffff00000000000000000000000000000000000000 [03,1]05  ff0a
2011-12-07 14:10:40 BC VERSION:65808
2011-12-07 14:10:40 Tag ID:
2011-12-07 14:10:40 I AM AT PING WRITE
2011-12-07 14:10:40 /vl/p4.jsp?sn=0019db9dbb96&v=65808&st=1&sd=0&tc=58dbb&h=4 7f [04,23]7fffffff00000000000000000000000000000000000000 [03,1]05  ff0a
2011-12-07 14:10:45 BC VERSION:65808
2011-12-07 14:10:45 Tag ID:
2011-12-07 14:10:45 I AM AT PING WRITE
2011-12-07 14:10:45 /vl/p4.jsp?sn=0019db9dbb96&v=65808&st=1&sd=0&tc=58dbb&h=4 7f [04,23]7fffffff00000000000000000000000000000000000000 [03,1]05  ff0a
2011-12-07 14:10:52 BC VERSION:65808
2011-12-07 14:10:52 Tag ID:
2011-12-07 14:10:52 I AM AT PING WRITE
2011-12-07 14:10:52 /vl/p4.jsp?sn=0019db9dbb96&v=65808&st=1&sd=0&tc=58dbb&h=4 7f [04,23]7fffffff00000000000000000000000000000000000000 [03,1]05  ff0a
2011-12-07 14:10:57 BC VERSION:65808
2011-12-07 14:10:57 Tag ID:
2011-12-07 14:10:57 I AM AT PING WRITE
2011-12-07 14:10:57 /vl/p4.jsp?sn=0019db9dbb96&v=65808&st=1&sd=0&tc=58dbb&h=4 7f [04,23]7fffffff00000000000000000000000000000000000000 [03,1]05  ff0a
2011-12-07 14:11:04 BC VERSION:65808
2011-12-07 14:11:04 Tag ID:
2011-12-07 14:11:04 I AM AT PING WRITE
2011-12-07 14:11:04 /vl/p4.jsp?sn=0019db9dbb96&v=65808&st=1&sd=0&tc=58dbb&h=4 7f [04,23]7fffffff00000000000000000000000000000000000000 [03,1]05  ff0a
2011-12-07 14:11:09 BC VERSION:65808
2011-12-07 14:11:09 Tag ID:
2011-12-07 14:11:09 I AM AT PING WRITE
2011-12-07 14:11:09 /vl/p4.jsp?sn=0019db9dbb96&v=65808&st=1&sd=0&tc=58dbb&h=4 7f [04,23]7fffffff00000000000000000000000000000000000000 [03,1]05  ff0a
2011-12-07 14:11:16 BC VERSION:65808
2011-12-07 14:11:16 Tag ID:
2011-12-07 14:11:16 pinginterval: ping to main server
2011-12-07 14:11:16 I AM AT PING WRITE
2011-12-07 14:11:16 /vl/p4.jsp?sn=0019db9dbb96&v=65808&st=1&sd=0&tc=58dbb&h=4 7f [04,23]7fffffff00000000000000000000000000000000000000 [03,1]05  ff0a
2011-12-07 14:11:21 BC VERSION:65808
2011-12-07 14:11:21 Tag ID:
2011-12-07 14:11:21 I AM AT PING WRITE
2011-12-07 14:11:21 /vl/p4.jsp?sn=0019db9dbb96&v=65808&st=1&sd=0&tc=58dbb&h=4 7f [04,23]7fffffff00000000000000000000000000000000000000 [03,1]05  ff0a
2011-12-07 14:11:28 BC VERSION:65808
2011-12-07 14:11:28 Tag ID:
2011-12-07 14:11:28 I AM AT PING WRITE
2011-12-07 14:11:28 /vl/p4.jsp?sn=0019db9dbb96&v=65808&st=1&sd=0&tc=58dbb&h=4 7f [04,23]7fffffff00000000000000000000000000000000000000 [03,1]05  ff0a
2011-12-07 14:11:33 BC VERSION:65808
2011-12-07 14:11:33 Tag ID:
2011-12-07 14:11:33 I AM AT PING WRITE
2011-12-07 14:11:33 /vl/p4.jsp?sn=0019db9dbb96&v=65808&st=1&sd=0&tc=58dbb&h=4 7f [04,23]7fffffff00000000000000000000000000000000000000 [03,1]05  ff0a
2011-12-07 14:11:40 BC VERSION:65808
2011-12-07 14:11:40 Tag ID:
2011-12-07 14:11:40 I AM AT PING WRITE
2011-12-07 14:11:40 /vl/p4.jsp?sn=0019db9dbb96&v=65808&st=1&sd=0&tc=58dbb&h=4 7f [04,23]7fffffff00000000000000000000000000000000000000 [03,1]05  ff0a
2011-12-07 14:11:45 BC VERSION:65808
2011-12-07 14:11:45 Tag ID:
2011-12-07 14:11:45 I AM AT PING WRITE
2011-12-07 14:11:45 /vl/p4.jsp?sn=0019db9dbb96&v=65808&st=1&sd=0&tc=58dbb&h=4 7f [04,23]7fffffff00000000000000000000000000000000000000 [03,1]05  ff0a
2011-12-07 14:11:52 BC VERSION:65808
2011-12-07 14:11:52 Tag ID:
2011-12-07 14:11:52 I AM AT PING WRITE
2011-12-07 14:11:52 /vl/p4.jsp?sn=0019db9dbb96&v=65808&st=1&sd=0&tc=58dbb&h=4 7f [04,23]7fffffff00000000000000000000000000000000000000 [03,1]05  ff0a
2011-12-07 14:11:57 BC VERSION:65808
2011-12-07 14:11:57 Tag ID:
2011-12-07 14:11:57 I AM AT PING WRITE
2011-12-07 14:11:57 /vl/p4.jsp?sn=0019db9dbb96&v=65808&st=1&sd=0&tc=58dbb&h=4 7f [04,23]7fffffff00000000000000000000000000000000000000 [03,1]05  ff0a
2011-12-07 14:12:03 BC VERSION:65808
2011-12-07 14:12:03 Tag ID:
2011-12-07 14:12:04 I AM AT PING WRITE
2011-12-07 14:12:04 /vl/p4.jsp?sn=0019db9dbb96&v=65808&st=1&sd=0&tc=58dbb&h=4 7f [04,23]7fffffff00000000000000000000000000000000000000 [03,1]05  ff0a
2011-12-07 14:12:10 BC VERSION:65808
2011-12-07 14:12:10 Tag ID:
2011-12-07 14:12:10 I AM AT PING WRITE
2011-12-07 14:12:10 /vl/p4.jsp?sn=0019db9dbb96&v=65808&st=1&sd=0&tc=58dbb&h=4 7f [04,23]7fffffff00000000000000000000000000000000000000 [03,1]05  ff0a
2011-12-07 14:12:15 BC VERSION:65808
2011-12-07 14:12:15 Tag ID:
2011-12-07 14:12:15 I AM AT PING WRITE
2011-12-07 14:12:15 /vl/p4.jsp?sn=0019db9dbb96&v=65808&st=1&sd=0&tc=58dbb&h=4 7f [04,23]7fffffff00000000000000000000000000000000000000 [03,1]05  ff0a
2011-12-07 14:12:22 BC VERSION:65808
2011-12-07 14:12:22 Tag ID:
2011-12-07 14:12:22 I AM AT PING WRITE
2011-12-07 14:12:22 /vl/p4.jsp?sn=0019db9dbb96&v=65808&st=1&sd=0&tc=58dbb&h=4 7f [04,23]7fffffff00000000000000000000000000000000000000 [03,1]05  ff0a
2011-12-07 14:12:27 BC VERSION:65808
2011-12-07 14:12:27 Tag ID:
2011-12-07 14:12:27 I AM AT PING WRITE
2011-12-07 14:12:27 /vl/p4.jsp?sn=0019db9dbb96&v=65808&st=1&sd=0&tc=58dbb&h=4 7f [04,23]7fffffff00000000000000000000000000000000000000 [03,1]05  ff0a
2011-12-07 14:12:34 BC VERSION:65808
2011-12-07 14:12:34 Tag ID:
2011-12-07 14:12:34 I AM AT PING WRITE
2011-12-07 14:12:34 I AM AT TTS MEDIA
2011-12-07 14:12:34 1
2011-12-07 14:12:34 tts: now playing Hi_there
2011-12-07 14:12:34 /vl/p4.jsp?sn=0019db9dbb96&v=65808&st=1&sd=0&tc=58dbb&h=4 7f [04,23]7fffffff00000000000000000000000000000000000000 [03,1]05 [0a,66]ID 3454174;ST http://192.168.2.84/vl/temp/25kvfq7fnw.mp3;PL 1;MW; ff0a
2011-12-07 14:12:42 BC VERSION:65808
2011-12-07 14:12:42 Tag ID:
2011-12-07 14:12:42 I AM AT PING WRITE
2011-12-07 14:12:42 /vl/p4.jsp?sn=0019db9dbb96&v=65808&st=1&sd=0&tc=58dbb&h=4 7f [04,23]7fffffff00000000000000000000000000000000000000 [03,1]05  ff0a
2011-12-07 14:12:47 BC VERSION:65808
2011-12-07 14:12:47 Tag ID:
2011-12-07 14:12:47 I AM AT PING WRITE
2011-12-07 14:12:47 /vl/p4.jsp?sn=0019db9dbb96&v=65808&st=1&sd=0&tc=58dbb&h=4 7f [04,23]7fffffff00000000000000000000000000000000000000 [03,1]05  ff0a
2011-12-07 14:12:53 BC VERSION:65808
2011-12-07 14:12:53 Tag ID:
2011-12-07 14:12:53 I AM AT PING WRITE
2011-12-07 14:12:53 /vl/p4.jsp?sn=0019db9dbb96&v=65808&st=1&sd=0&tc=58dbb&h=4 7f [04,23]7fffffff00000000000000000000000000000000000000 [03,1]05  ff0a
2011-12-07 14:12:59 BC VERSION:65808
2011-12-07 14:12:59 Tag ID:
2011-12-07 14:12:59 I AM AT PING WRITE
2011-12-07 14:12:59 I AM AT TTS MEDIA
2011-12-07 14:13:00 1
2011-12-07 14:13:00 tts: now playing hi
2011-12-07 14:13:00 /vl/p4.jsp?sn=0019db9dbb96&v=65808&st=1&sd=0&tc=58dbb&h=4 7f [04,23]7fffffff00000000000000000000000000000000000000 [03,1]05 [0a,67]ID 12508405;ST http://192.168.2.84/vl/temp/upb74vbkcb.mp3;PL 1;MW; ff0a
2011-12-07 14:13:07 BC VERSION:65808
2011-12-07 14:13:07 Tag ID:
2011-12-07 14:13:07 I AM AT PING WRITE
2011-12-07 14:13:07 /vl/p4.jsp?sn=0019db9dbb96&v=65808&st=1&sd=0&tc=58dbb&h=4 7f [04,23]7fffffff00000000000000000000000000000000000000 [03,1]05  ff0a
2011-12-07 14:13:13 BC VERSION:65808
2011-12-07 14:13:13 Tag ID:
2011-12-07 14:13:13 pinginterval: ping to main server
2011-12-07 14:13:13 I AM AT PING WRITE
2011-12-07 14:13:13 /vl/p4.jsp?sn=0019db9dbb96&v=65808&st=1&sd=3&tc=58dbb&h=4 7f [04,23]7fffffff00000000000000000000000000000000000000 [03,1]05  ff0a
2011-12-07 14:13:19 BC VERSION:65808
2011-12-07 14:13:19 Tag ID:
2011-12-07 14:13:19 I AM AT PING WRITE
2011-12-07 14:13:19 /vl/p4.jsp?sn=0019db9dbb96&v=65808&st=1&sd=0&tc=58dbb&h=4 7f [04,23]7fffffff00000000000000000000000000000000000000 [03,1]05  ff0a
2011-12-07 14:13:21 BC VERSION:65808
2011-12-07 14:13:21 Tag ID:
2011-12-07 14:13:21 /vl/record.jsp?sn=0019db9dbb96&v=65808&h=4&m=0
2011-12-07 14:13:26 BC VERSION:65808
2011-12-07 14:13:26 Tag ID:
2011-12-07 14:13:26 I AM AT PING WRITE
2011-12-07 14:13:26 /vl/p4.jsp?sn=0019db9dbb96&v=65808&st=1&sd=0&tc=58dbb&h=4 7f [04,23]7fffffff00000000000000000000000000000000000000 [03,1]05  ff0a
2011-12-07 14:13:33 BC VERSION:65808
2011-12-07 14:13:33 Tag ID:
2011-12-07 14:13:33 I AM AT PING WRITE
2011-12-07 14:13:33 /vl/p4.jsp?sn=0019db9dbb96&v=65808&st=1&sd=0&tc=58dbb&h=4 7f [04,23]7fffffff00000000000000000000000000000000000000 [03,1]05  ff0a
2011-12-07 14:13:38 BC VERSION:65808
2011-12-07 14:13:38 Tag ID:
2011-12-07 14:13:38 I AM AT PING WRITE
2011-12-07 14:13:38 /vl/p4.jsp?sn=0019db9dbb96&v=65808&st=1&sd=0&tc=58dbb&h=4 7f [04,23]7fffffff00000000000000000000000000000000000000 [03,1]05  ff0a
2011-12-07 14:13:45 BC VERSION:65808
2011-12-07 14:13:45 Tag ID:
2011-12-07 14:13:45 I AM AT PING WRITE
2011-12-07 14:13:45 /vl/p4.jsp?sn=0019db9dbb96&v=65808&st=1&sd=0&tc=58dbb&h=4 7f [04,23]7fffffff00000000000000000000000000000000000000 [03,1]05  ff0a
2011-12-07 14:13:50 BC VERSION:65808
2011-12-07 14:13:50 Tag ID:
2011-12-07 14:13:50 I AM AT PING WRITE
2011-12-07 14:13:50 /vl/p4.jsp?sn=0019db9dbb96&v=65808&st=1&sd=0&tc=58dbb&h=4 7f [04,23]7fffffff00000000000000000000000000000000000000 [03,1]05  ff0a
2011-12-07 14:13:57 BC VERSION:65808
2011-12-07 14:13:57 Tag ID:
2011-12-07 14:13:57 I AM AT PING WRITE
2011-12-07 14:13:57 I AM AT TTS MEDIA
2011-12-07 14:13:57 1
2011-12-07 14:13:57 tts: now playing what
2011-12-07 14:13:57 /vl/p4.jsp?sn=0019db9dbb96&v=65808&st=1&sd=0&tc=58dbb&h=4 7f [04,23]7fffffff00000000000000000000000000000000000000 [03,1]05 [0a,66]ID 6346735;ST http://192.168.2.84/vl/temp/coxybg2wtx.mp3;PL 1;MW; ff0a
2011-12-07 14:14:04 BC VERSION:65808
2011-12-07 14:14:04 Tag ID:
2011-12-07 14:14:04 I AM AT PING WRITE
2011-12-07 14:14:04 /vl/p4.jsp?sn=0019db9dbb96&v=65808&st=1&sd=0&tc=58dbb&h=4 7f [04,23]7fffffff00000000000000000000000000000000000000 [03,1]05  ff0a
2011-12-07 14:14:10 BC VERSION:65808
2011-12-07 14:14:10 Tag ID:
2011-12-07 14:14:10 I AM AT PING WRITE
2011-12-07 14:14:10 /vl/p4.jsp?sn=0019db9dbb96&v=65808&st=1&sd=0&tc=58dbb&h=4 7f [04,23]7fffffff00000000000000000000000000000000000000 [03,1]05  ff0a
2011-12-07 14:14:17 BC VERSION:65808
2011-12-07 14:14:17 Tag ID:
2011-12-07 14:14:17 I AM AT PING WRITE
2011-12-07 14:14:17 /vl/p4.jsp?sn=0019db9dbb96&v=65808&st=1&sd=0&tc=58dbb&h=4 7f [04,23]7fffffff00000000000000000000000000000000000000 [03,1]05  ff0a
2011-12-07 14:14:22 BC VERSION:65808
2011-12-07 14:14:22 Tag ID:
2011-12-07 14:14:22 I AM AT PING WRITE
2011-12-07 14:14:22 /vl/p4.jsp?sn=0019db9dbb96&v=65808&st=1&sd=0&tc=58dbb&h=4 7f [04,23]7fffffff00000000000000000000000000000000000000 [03,1]05  ff0a
2011-12-07 14:14:28 BC VERSION:65808
2011-12-07 14:14:28 Tag ID:
2011-12-07 14:14:28 I AM AT PING WRITE
2011-12-07 14:14:28 /vl/p4.jsp?sn=0019db9dbb96&v=65808&st=1&sd=0&tc=58dbb&h=4 7f [04,23]7fffffff00000000000000000000000000000000000000 [03,1]05  ff0a
2011-12-07 14:14:34 BC VERSION:65808
2011-12-07 14:14:34 Tag ID:
2011-12-07 14:14:34 I AM AT PING WRITE
2011-12-07 14:14:34 /vl/p4.jsp?sn=0019db9dbb96&v=65808&st=1&sd=0&tc=58dbb&h=4 7f [04,23]7fffffff00000000000000000000000000000000000000 [03,1]05  ff0a
2011-12-07 14:14:40 BC VERSION:65808
2011-12-07 14:14:40 Tag ID:
2011-12-07 14:14:40 I AM AT PING WRITE
2011-12-07 14:14:40 I AM AT TTS MEDIA
2011-12-07 14:14:41 tts: now playing what
2011-12-07 14:14:41 /vl/p4.jsp?sn=0019db9dbb96&v=65808&st=1&sd=0&tc=58dbb&h=4 7f [04,23]7fffffff00000000000000000000000000000000000000 [03,1]05 [0a,67]ID 16435085;ST http://192.168.2.84/vl/temp/25kl84t50b.mp3;PL 1;MW; ff0a
2011-12-07 14:14:43 BC VERSION:65808
2011-12-07 14:14:43 Tag ID:
2011-12-07 14:14:43 pinginterval: ping to main server
2011-12-07 14:14:43 I AM AT PING WRITE
2011-12-07 14:14:43 /vl/p4.jsp?sn=0019db9dbb96&v=65808&st=1&sd=2&tc=fac78d&h=4 7f [04,23]7fffffff00000000000000000000000000000000000000 [03,1]05  ff0a
2011-12-07 14:14:48 BC VERSION:65808
2011-12-07 14:14:48 Tag ID:
2011-12-07 14:14:48 I AM AT PING WRITE
2011-12-07 14:14:48 /vl/p4.jsp?sn=0019db9dbb96&v=65808&st=1&sd=0&tc=fac78d&h=4 7f [04,23]7fffffff00000000000000000000000000000000000000 [03,1]05  ff0a
2011-12-07 14:14:54 BC VERSION:65808
2011-12-07 14:14:54 Tag ID:
2011-12-07 14:14:54 I AM AT PING WRITE
2011-12-07 14:14:54 /vl/p4.jsp?sn=0019db9dbb96&v=65808&st=1&sd=0&tc=fac78d&h=4 7f [04,23]7fffffff00000000000000000000000000000000000000 [03,1]05  ff0a
2011-12-07 14:15:00 BC VERSION:65808
2011-12-07 14:15:00 Tag ID:
2011-12-07 14:15:00 I AM AT PING WRITE
2011-12-07 14:15:00 /vl/p4.jsp?sn=0019db9dbb96&v=65808&st=1&sd=0&tc=fac78d&h=4 7f [04,23]7fffffff00000000000000000000000000000000000000 [03,1]05  ff0a
2011-12-07 14:15:06 BC VERSION:65808
2011-12-07 14:15:06 Tag ID:
2011-12-07 14:15:06 I AM AT PING WRITE
2011-12-07 14:15:06 /vl/p4.jsp?sn=0019db9dbb96&v=65808&st=1&sd=0&tc=fac78d&h=4 7f [04,23]7fffffff00000000000000000000000000000000000000 [03,1]05  ff0a
2011-12-07 14:15:12 BC VERSION:65808
2011-12-07 14:15:12 Tag ID:
2011-12-07 14:15:12 I AM AT PING WRITE
2011-12-07 14:15:12 /vl/p4.jsp?sn=0019db9dbb96&v=65808&st=1&sd=0&tc=fac78d&h=4 7f [04,23]7fffffff00000000000000000000000000000000000000 [03,1]05  ff0a
2011-12-07 14:15:18 BC VERSION:65808
2011-12-07 14:15:18 Tag ID:
2011-12-07 14:15:18 I AM AT PING WRITE
2011-12-07 14:15:18 /vl/p4.jsp?sn=0019db9dbb96&v=65808&st=1&sd=0&tc=fac78d&h=4 7f [04,23]7fffffff00000000000000000000000000000000000000 [03,1]05  ff0a
2011-12-07 14:15:24 BC VERSION:65808
2011-12-07 14:15:24 Tag ID:
2011-12-07 14:15:24 I AM AT PING WRITE
2011-12-07 14:15:24 /vl/p4.jsp?sn=0019db9dbb96&v=65808&st=1&sd=0&tc=fac78d&h=4 7f [04,23]7fffffff00000000000000000000000000000000000000 [03,1]05  ff0a
2011-12-07 14:15:30 BC VERSION:65808
2011-12-07 14:15:30 Tag ID:
2011-12-07 14:15:30 I AM AT PING WRITE
2011-12-07 14:15:30 /vl/p4.jsp?sn=0019db9dbb96&v=65808&st=1&sd=0&tc=fac78d&h=4 7f [04,23]7fffffff00000000000000000000000000000000000000 [03,1]05  ff0a
2011-12-07 14:15:36 BC VERSION:65808
2011-12-07 14:15:36 Tag ID:
2011-12-07 14:15:36 I AM AT PING WRITE
2011-12-07 14:15:36 /vl/p4.jsp?sn=0019db9dbb96&v=65808&st=1&sd=0&tc=fac78d&h=4 7f [04,23]7fffffff00000000000000000000000000000000000000 [03,1]05  ff0a
2011-12-07 14:15:43 BC VERSION:65808
2011-12-07 14:15:43 Tag ID:
2011-12-07 14:15:43 I AM AT PING WRITE
2011-12-07 14:15:43 /vl/p4.jsp?sn=0019db9dbb96&v=65808&st=1&sd=0&tc=fac78d&h=4 7f [04,23]7fffffff00000000000000000000000000000000000000 [03,1]05  ff0a
2011-12-07 14:15:48 BC VERSION:65808
2011-12-07 14:15:48 Tag ID:
2011-12-07 14:15:48 I AM AT PING WRITE
2011-12-07 14:15:48 /vl/p4.jsp?sn=0019db9dbb96&v=65808&st=1&sd=0&tc=fac78d&h=4 7f [04,23]7fffffff00000000000000000000000000000000000000 [03,1]05  ff0a
2011-12-07 14:15:55 BC VERSION:65808
2011-12-07 14:15:55 Tag ID:
2011-12-07 14:15:55 I AM AT PING WRITE
2011-12-07 14:15:55 /vl/p4.jsp?sn=0019db9dbb96&v=65808&st=1&sd=0&tc=fac78d&h=4 7f [04,23]7fffffff00000000000000000000000000000000000000 [03,1]05  ff0a
2011-12-07 14:16:00 BC VERSION:65808
2011-12-07 14:16:00 Tag ID:
2011-12-07 14:16:00 I AM AT PING WRITE
2011-12-07 14:16:00 /vl/p4.jsp?sn=0019db9dbb96&v=65808&st=1&sd=0&tc=fac78d&h=4 7f [04,23]7fffffff00000000000000000000000000000000000000 [03,1]05  ff0a
2011-12-07 14:16:06 BC VERSION:65808
2011-12-07 14:16:06 Tag ID:
2011-12-07 14:16:06 I AM AT PING WRITE
2011-12-07 14:16:06 /vl/p4.jsp?sn=0019db9dbb96&v=65808&st=1&sd=0&tc=fac78d&h=4 7f [04,23]7fffffff00000000000000000000000000000000000000 [03,1]05  ff0a
2011-12-07 14:16:12 BC VERSION:65808
2011-12-07 14:16:12 Tag ID:
2011-12-07 14:16:12 I AM AT PING WRITE
2011-12-07 14:16:12 /vl/p4.jsp?sn=0019db9dbb96&v=65808&st=1&sd=0&tc=fac78d&h=4 7f [04,23]7fffffff00000000000000000000000000000000000000 [03,1]05  ff0a
2011-12-07 14:16:18 BC VERSION:65808
2011-12-07 14:16:18 Tag ID:
2011-12-07 14:16:18 I AM AT PING WRITE
2011-12-07 14:16:18 /vl/p4.jsp?sn=0019db9dbb96&v=65808&st=1&sd=0&tc=fac78d&h=4 7f [04,23]7fffffff00000000000000000000000000000000000000 [03,1]05  ff0a
2011-12-07 14:16:24 BC VERSION:65808
2011-12-07 14:16:24 Tag ID:
2011-12-07 14:16:24 I AM AT PING WRITE
2011-12-07 14:16:24 /vl/p4.jsp?sn=0019db9dbb96&v=65808&st=1&sd=0&tc=fac78d&h=4 7f [04,23]7fffffff00000000000000000000000000000000000000 [03,1]05  ff0a
2011-12-07 14:16:30 BC VERSION:65808
2011-12-07 14:16:30 Tag ID:
2011-12-07 14:16:30 I AM AT PING WRITE
2011-12-07 14:16:30 /vl/p4.jsp?sn=0019db9dbb96&v=65808&st=1&sd=0&tc=fac78d&h=4 7f [04,23]7fffffff00000000000000000000000000000000000000 [03,1]05  ff0a
2011-12-07 14:16:36 BC VERSION:65808
2011-12-07 14:16:36 Tag ID:
2011-12-07 14:16:36 I AM AT PING WRITE
2011-12-07 14:16:36 /vl/p4.jsp?sn=0019db9dbb96&v=65808&st=1&sd=0&tc=fac78d&h=4 7f [04,23]7fffffff00000000000000000000000000000000000000 [03,1]05  ff0a
2011-12-07 14:16:42 BC VERSION:65808
2011-12-07 14:16:42 Tag ID:
2011-12-07 14:16:42 I AM AT PING WRITE
2011-12-07 14:16:42 /vl/p4.jsp?sn=0019db9dbb96&v=65808&st=1&sd=0&tc=fac78d&h=4 7f [04,23]7fffffff00000000000000000000000000000000000000 [03,1]05  ff0a
2011-12-07 14:16:49 BC VERSION:65808
2011-12-07 14:16:49 Tag ID:
2011-12-07 14:16:49 I AM AT PING WRITE
2011-12-07 14:16:49 /vl/p4.jsp?sn=0019db9dbb96&v=65808&st=1&sd=0&tc=fac78d&h=4 7f [04,23]7fffffff00000000000000000000000000000000000000 [03,1]05  ff0a
2011-12-07 14:16:54 BC VERSION:65808
2011-12-07 14:16:54 Tag ID:
2011-12-07 14:16:54 I AM AT PING WRITE
2011-12-07 14:16:54 /vl/p4.jsp?sn=0019db9dbb96&v=65808&st=1&sd=0&tc=fac78d&h=4 7f [04,23]7fffffff00000000000000000000000000000000000000 [03,1]05  ff0a
2011-12-07 14:17:01 BC VERSION:65808
2011-12-07 14:17:01 Tag ID:
2011-12-07 14:17:01 I AM AT PING WRITE
2011-12-07 14:17:01 /vl/p4.jsp?sn=0019db9dbb96&v=65808&st=1&sd=0&tc=fac78d&h=4 7f [04,23]7fffffff00000000000000000000000000000000000000 [03,1]05  ff0a
2011-12-07 14:17:06 BC VERSION:65808
2011-12-07 14:17:06 Tag ID:
2011-12-07 14:17:06 pinginterval: ping to main server
2011-12-07 14:17:06 I AM AT PING WRITE
2011-12-07 14:17:06 /vl/p4.jsp?sn=0019db9dbb96&v=65808&st=1&sd=0&tc=fac78d&h=4 7f [04,23]7fffffff00000000000000000000000000000000000000 [03,1]05  ff0a
2011-12-07 14:17:13 BC VERSION:65808
2011-12-07 14:17:13 Tag ID:
2011-12-07 14:17:13 I AM AT PING WRITE
2011-12-07 14:17:13 /vl/p4.jsp?sn=0019db9dbb96&v=65808&st=1&sd=0&tc=fac78d&h=4 7f [04,23]7fffffff00000000000000000000000000000000000000 [03,1]05  ff0a
2011-12-07 14:17:18 BC VERSION:65808
2011-12-07 14:17:18 Tag ID:
2011-12-07 14:17:18 I AM AT PING WRITE
2011-12-07 14:17:18 /vl/p4.jsp?sn=0019db9dbb96&v=65808&st=1&sd=0&tc=fac78d&h=4 7f [04,23]7fffffff00000000000000000000000000000000000000 [03,1]05  ff0a
2011-12-07 14:17:24 BC VERSION:65808
2011-12-07 14:17:24 Tag ID:
2011-12-07 14:17:24 I AM AT PING WRITE
2011-12-07 14:17:24 /vl/p4.jsp?sn=0019db9dbb96&v=65808&st=1&sd=0&tc=fac78d&h=4 7f [04,23]7fffffff00000000000000000000000000000000000000 [03,1]05  ff0a
2011-12-07 14:17:30 BC VERSION:65808
2011-12-07 14:17:30 Tag ID:
2011-12-07 14:17:30 I AM AT PING WRITE
2011-12-07 14:17:30 /vl/p4.jsp?sn=0019db9dbb96&v=65808&st=1&sd=0&tc=fac78d&h=4 7f [04,23]7fffffff00000000000000000000000000000000000000 [03,1]05  ff0a
2011-12-07 14:17:36 BC VERSION:65808
2011-12-07 14:17:36 Tag ID:
2011-12-07 14:17:36 I AM AT PING WRITE
2011-12-07 14:17:36 /vl/p4.jsp?sn=0019db9dbb96&v=65808&st=1&sd=0&tc=fac78d&h=4 7f [04,23]7fffffff00000000000000000000000000000000000000 [03,1]05  ff0a
2011-12-07 14:17:42 BC VERSION:65808
2011-12-07 14:17:42 Tag ID:
2011-12-07 14:17:42 I AM AT PING WRITE
2011-12-07 14:17:42 /vl/p4.jsp?sn=0019db9dbb96&v=65808&st=1&sd=0&tc=fac78d&h=4 7f [04,23]7fffffff00000000000000000000000000000000000000 [03,1]05  ff0a
2011-12-07 14:17:54 BC VERSION:65808
2011-12-07 14:17:54 Tag ID:
2011-12-07 14:17:54 I AM AT PING WRITE
2011-12-07 14:17:54 /vl/p4.jsp?sn=0019db9dbb96&v=65808&st=1&sd=0&tc=fac78d&h=4 7f [04,23]7fffffff00000000000000000000000000000000000000 [03,1]05  ff0a
2011-12-07 14:18:00 BC VERSION:65808
2011-12-07 14:18:00 Tag ID:
2011-12-07 14:18:00 I AM AT PING WRITE
2011-12-07 14:18:00 /vl/p4.jsp?sn=0019db9dbb96&v=65808&st=1&sd=0&tc=fac78d&h=4 7f [04,23]7fffffff00000000000000000000000000000000000000 [03,1]05  ff0a
2011-12-07 14:18:06 BC VERSION:65808
2011-12-07 14:18:06 Tag ID:
2011-12-07 14:18:06 I AM AT PING WRITE
2011-12-07 14:18:06 /vl/p4.jsp?sn=0019db9dbb96&v=65808&st=1&sd=0&tc=fac78d&h=4 7f [04,23]7fffffff00000000000000000000000000000000000000 [03,1]05  ff0a
2011-12-07 14:18:14 BC VERSION:65808
2011-12-07 14:18:14 Tag ID:
2011-12-07 14:18:14 I AM AT PING WRITE
2011-12-07 14:18:14 /vl/p4.jsp?sn=0019db9dbb96&v=65808&st=1&sd=0&tc=fac78d&h=4 7f [04,23]7fffffff00000000000000000000000000000000000000 [03,1]05  ff0a
2011-12-07 14:18:20 BC VERSION:65808
2011-12-07 14:18:20 Tag ID:
2011-12-07 14:18:20 I AM AT PING WRITE
2011-12-07 14:18:20 /vl/p4.jsp?sn=0019db9dbb96&v=65808&st=1&sd=0&tc=fac78d&h=4 7f [04,23]7fffffff00000000000000000000000000000000000000 [03,1]05  ff0a
2011-12-07 14:18:26 BC VERSION:65808
2011-12-07 14:18:26 Tag ID:
2011-12-07 14:18:26 I AM AT PING WRITE
2011-12-07 14:18:26 /vl/p4.jsp?sn=0019db9dbb96&v=65808&st=1&sd=0&tc=fac78d&h=4 7f [04,23]7fffffff00000000000000000000000000000000000000 [03,1]05  ff0a
2011-12-07 14:18:32 BC VERSION:65808
2011-12-07 14:18:32 Tag ID:
2011-12-07 14:18:32 I AM AT PING WRITE
2011-12-07 14:18:32 /vl/p4.jsp?sn=0019db9dbb96&v=65808&st=1&sd=0&tc=fac78d&h=4 7f [04,23]7fffffff00000000000000000000000000000000000000 [03,1]05  ff0a
2011-12-07 14:18:38 BC VERSION:65808
2011-12-07 14:18:38 Tag ID:
2011-12-07 14:18:38 I AM AT PING WRITE
2011-12-07 14:18:38 /vl/p4.jsp?sn=0019db9dbb96&v=65808&st=1&sd=0&tc=fac78d&h=4 7f [04,23]7fffffff00000000000000000000000000000000000000 [03,1]05  ff0a
2011-12-07 14:18:44 BC VERSION:65808
2011-12-07 14:18:44 Tag ID:
2011-12-07 14:18:44 I AM AT PING WRITE
2011-12-07 14:18:44 /vl/p4.jsp?sn=0019db9dbb96&v=65808&st=1&sd=0&tc=fac78d&h=4 7f [04,23]7fffffff00000000000000000000000000000000000000 [03,1]05  ff0a
2011-12-07 14:18:51 BC VERSION:65808
2011-12-07 14:18:51 Tag ID:
2011-12-07 14:18:51 I AM AT PING WRITE
2011-12-07 14:18:51 /vl/p4.jsp?sn=0019db9dbb96&v=65808&st=1&sd=0&tc=fac78d&h=4 7f [04,23]7fffffff00000000000000000000000000000000000000 [03,1]05  ff0a
2011-12-07 14:18:56 BC VERSION:65808
2011-12-07 14:18:56 Tag ID:
2011-12-07 14:18:56 I AM AT PING WRITE
2011-12-07 14:18:56 /vl/p4.jsp?sn=0019db9dbb96&v=65808&st=1&sd=0&tc=fac78d&h=4 7f [04,23]7fffffff00000000000000000000000000000000000000 [03,1]05  ff0a
2011-12-07 14:19:03 BC VERSION:65808
2011-12-07 14:19:03 Tag ID:
2011-12-07 14:19:03 I AM AT PING WRITE
2011-12-07 14:19:03 /vl/p4.jsp?sn=0019db9dbb96&v=65808&st=1&sd=0&tc=fac78d&h=4 7f [04,23]7fffffff00000000000000000000000000000000000000 [03,1]05  ff0a
2011-12-07 14:19:08 BC VERSION:65808
2011-12-07 14:19:08 Tag ID:
2011-12-07 14:19:08 I AM AT PING WRITE
2011-12-07 14:19:08 /vl/p4.jsp?sn=0019db9dbb96&v=65808&st=1&sd=0&tc=fac78d&h=4 7f [04,23]7fffffff00000000000000000000000000000000000000 [03,1]05  ff0a
2011-12-07 14:19:14 BC VERSION:65808
2011-12-07 14:19:14 Tag ID:
2011-12-07 14:19:14 I AM AT PING WRITE
2011-12-07 14:19:14 /vl/p4.jsp?sn=0019db9dbb96&v=65808&st=1&sd=0&tc=fac78d&h=4 7f [04,23]7fffffff00000000000000000000000000000000000000 [03,1]05  ff0a
2011-12-07 14:19:20 BC VERSION:65808
2011-12-07 14:19:20 Tag ID:
2011-12-07 14:19:20 I AM AT PING WRITE
2011-12-07 14:19:20 /vl/p4.jsp?sn=0019db9dbb96&v=65808&st=1&sd=0&tc=fac78d&h=4 7f [04,23]7fffffff00000000000000000000000000000000000000 [03,1]05  ff0a
2011-12-07 14:19:26 BC VERSION:65808
2011-12-07 14:19:26 Tag ID:
2011-12-07 14:19:26 I AM AT PING WRITE
2011-12-07 14:19:26 /vl/p4.jsp?sn=0019db9dbb96&v=65808&st=1&sd=0&tc=fac78d&h=4 7f [04,23]7fffffff00000000000000000000000000000000000000 [03,1]05  ff0a
2011-12-07 14:19:32 BC VERSION:65808
2011-12-07 14:19:32 Tag ID:
2011-12-07 14:19:32 I AM AT PING WRITE
2011-12-07 14:19:32 /vl/p4.jsp?sn=0019db9dbb96&v=65808&st=1&sd=0&tc=fac78d&h=4 7f [04,23]7fffffff00000000000000000000000000000000000000 [03,1]05  ff0a
2011-12-07 14:19:38 BC VERSION:65808
2011-12-07 14:19:38 Tag ID:
2011-12-07 14:19:38 pinginterval: ping to main server
2011-12-07 14:19:38 I AM AT PING WRITE
2011-12-07 14:19:38 /vl/p4.jsp?sn=0019db9dbb96&v=65808&st=1&sd=0&tc=fac78d&h=4 7f [04,23]7fffffff00000000000000000000000000000000000000 [03,1]05  ff0a
2011-12-07 14:19:44 BC VERSION:65808
2011-12-07 14:19:44 Tag ID:
2011-12-07 14:19:44 I AM AT PING WRITE
2011-12-07 14:19:44 /vl/p4.jsp?sn=0019db9dbb96&v=65808&st=1&sd=0&tc=fac78d&h=4 7f [04,23]7fffffff00000000000000000000000000000000000000 [03,1]05  ff0a
2011-12-07 14:19:50 BC VERSION:65808
2011-12-07 14:19:50 Tag ID:
2011-12-07 14:19:50 I AM AT PING WRITE
2011-12-07 14:19:50 /vl/p4.jsp?sn=0019db9dbb96&v=65808&st=1&sd=0&tc=fac78d&h=4 7f [04,23]7fffffff00000000000000000000000000000000000000 [03,1]05  ff0a
2011-12-07 14:19:56 BC VERSION:65808
2011-12-07 14:19:56 Tag ID:
2011-12-07 14:19:56 I AM AT PING WRITE
2011-12-07 14:19:56 /vl/p4.jsp?sn=0019db9dbb96&v=65808&st=1&sd=0&tc=fac78d&h=4 7f [04,23]7fffffff00000000000000000000000000000000000000 [03,1]05  ff0a
2011-12-07 14:20:02 BC VERSION:65808
2011-12-07 14:20:02 Tag ID:
2011-12-07 14:20:02 I AM AT PING WRITE
2011-12-07 14:20:02 /vl/p4.jsp?sn=0019db9dbb96&v=65808&st=1&sd=0&tc=fac78d&h=4 7f [04,23]7fffffff00000000000000000000000000000000000000 [03,1]05  ff0a
2011-12-07 14:20:08 BC VERSION:65808
2011-12-07 14:20:08 Tag ID:
2011-12-07 14:20:08 I AM AT PING WRITE
2011-12-07 14:20:08 /vl/p4.jsp?sn=0019db9dbb96&v=65808&st=1&sd=0&tc=fac78d&h=4 7f [04,23]7fffffff00000000000000000000000000000000000000 [03,1]05  ff0a
2011-12-07 14:20:14 BC VERSION:65808
2011-12-07 14:20:14 Tag ID:
2011-12-07 14:20:14 I AM AT PING WRITE
2011-12-07 14:20:14 /vl/p4.jsp?sn=0019db9dbb96&v=65808&st=1&sd=0&tc=fac78d&h=4 7f [04,23]7fffffff00000000000000000000000000000000000000 [03,1]05  ff0a
2011-12-07 14:20:20 BC VERSION:65808
2011-12-07 14:20:20 Tag ID:
2011-12-07 14:20:20 I AM AT PING WRITE
2011-12-07 14:20:20 /vl/p4.jsp?sn=0019db9dbb96&v=65808&st=1&sd=0&tc=fac78d&h=4 7f [04,23]7fffffff00000000000000000000000000000000000000 [03,1]05  ff0a
2011-12-07 14:20:26 BC VERSION:65808
2011-12-07 14:20:26 Tag ID:
2011-12-07 14:20:26 I AM AT PING WRITE
2011-12-07 14:20:26 /vl/p4.jsp?sn=0019db9dbb96&v=65808&st=1&sd=0&tc=fac78d&h=4 7f [04,23]7fffffff00000000000000000000000000000000000000 [03,1]05  ff0a
2011-12-07 14:20:32 BC VERSION:65808
2011-12-07 14:20:32 Tag ID:
2011-12-07 14:20:32 I AM AT PING WRITE
2011-12-07 14:20:32 /vl/p4.jsp?sn=0019db9dbb96&v=65808&st=1&sd=0&tc=fac78d&h=4 7f [04,23]7fffffff00000000000000000000000000000000000000 [03,1]05  ff0a
2011-12-07 14:20:38 BC VERSION:65808
2011-12-07 14:20:38 Tag ID:
2011-12-07 14:20:38 I AM AT PING WRITE
2011-12-07 14:20:38 /vl/p4.jsp?sn=0019db9dbb96&v=65808&st=1&sd=0&tc=fac78d&h=4 7f [04,23]7fffffff00000000000000000000000000000000000000 [03,1]05  ff0a
2011-12-07 14:20:44 BC VERSION:65808
2011-12-07 14:20:44 Tag ID:
2011-12-07 14:20:44 I AM AT PING WRITE
2011-12-07 14:20:44 /vl/p4.jsp?sn=0019db9dbb96&v=65808&st=1&sd=0&tc=fac78d&h=4 7f [04,23]7fffffff00000000000000000000000000000000000000 [03,1]05  ff0a
2011-12-07 14:20:50 BC VERSION:65808
2011-12-07 14:20:50 Tag ID:
2011-12-07 14:20:50 I AM AT PING WRITE
2011-12-07 14:20:50 /vl/p4.jsp?sn=0019db9dbb96&v=65808&st=1&sd=0&tc=fac78d&h=4 7f [04,23]7fffffff00000000000000000000000000000000000000 [03,1]05  ff0a
2011-12-07 14:20:56 BC VERSION:65808
2011-12-07 14:20:56 Tag ID:
2011-12-07 14:20:56 I AM AT PING WRITE
2011-12-07 14:20:56 /vl/p4.jsp?sn=0019db9dbb96&v=65808&st=1&sd=0&tc=fac78d&h=4 7f [04,23]7fffffff00000000000000000000000000000000000000 [03,1]05  ff0a
2011-12-07 14:21:02 BC VERSION:65808
2011-12-07 14:21:02 Tag ID:
2011-12-07 14:21:02 I AM AT PING WRITE
2011-12-07 14:21:02 /vl/p4.jsp?sn=0019db9dbb96&v=65808&st=1&sd=0&tc=fac78d&h=4 7f [04,23]7fffffff00000000000000000000000000000000000000 [03,1]05  ff0a
2011-12-07 14:21:08 BC VERSION:65808
2011-12-07 14:21:08 Tag ID:
2011-12-07 14:21:08 I AM AT PING WRITE
2011-12-07 14:21:08 /vl/p4.jsp?sn=0019db9dbb96&v=65808&st=1&sd=0&tc=fac78d&h=4 7f [04,23]7fffffff00000000000000000000000000000000000000 [03,1]05  ff0a
2011-12-07 14:21:15 BC VERSION:65808
2011-12-07 14:21:15 Tag ID:
2011-12-07 14:21:15 I AM AT PING WRITE
2011-12-07 14:21:15 /vl/p4.jsp?sn=0019db9dbb96&v=65808&st=1&sd=0&tc=fac78d&h=4 7f [04,23]7fffffff00000000000000000000000000000000000000 [03,1]05  ff0a
2011-12-07 14:21:20 BC VERSION:65808
2011-12-07 14:21:20 Tag ID:
2011-12-07 14:21:20 I AM AT PING WRITE
2011-12-07 14:21:20 /vl/p4.jsp?sn=0019db9dbb96&v=65808&st=1&sd=0&tc=fac78d&h=4 7f [04,23]7fffffff00000000000000000000000000000000000000 [03,1]05  ff0a
2011-12-07 14:21:26 BC VERSION:65808
2011-12-07 14:21:26 Tag ID:
2011-12-07 14:21:26 I AM AT PING WRITE
2011-12-07 14:21:26 /vl/p4.jsp?sn=0019db9dbb96&v=65808&st=1&sd=0&tc=fac78d&h=4 7f [04,23]7fffffff00000000000000000000000000000000000000 [03,1]05  ff0a
2011-12-07 14:21:32 BC VERSION:65808
2011-12-07 14:21:32 Tag ID:
2011-12-07 14:21:32 I AM AT PING WRITE
2011-12-07 14:21:32 /vl/p4.jsp?sn=0019db9dbb96&v=65808&st=1&sd=0&tc=fac78d&h=4 7f [04,23]7fffffff00000000000000000000000000000000000000 [03,1]05  ff0a
2011-12-07 14:21:39 BC VERSION:65808
2011-12-07 14:21:39 Tag ID:
2011-12-07 14:21:39 I AM AT PING WRITE
2011-12-07 14:21:39 /vl/p4.jsp?sn=0019db9dbb96&v=65808&st=1&sd=0&tc=fac78d&h=4 7f [04,23]7fffffff00000000000000000000000000000000000000 [03,1]05  ff0a
2011-12-07 14:21:45 BC VERSION:65808
2011-12-07 14:21:45 Tag ID:
2011-12-07 14:21:45 I AM AT PING WRITE
2011-12-07 14:21:45 /vl/p4.jsp?sn=0019db9dbb96&v=65808&st=1&sd=0&tc=fac78d&h=4 7f [04,23]7fffffff00000000000000000000000000000000000000 [03,1]05  ff0a
2011-12-07 14:21:51 BC VERSION:65808
2011-12-07 14:21:51 Tag ID:
2011-12-07 14:21:51 I AM AT PING WRITE
2011-12-07 14:21:51 /vl/p4.jsp?sn=0019db9dbb96&v=65808&st=1&sd=0&tc=fac78d&h=4 7f [04,23]7fffffff00000000000000000000000000000000000000 [03,1]05  ff0a
2011-12-07 14:21:57 BC VERSION:65808
2011-12-07 14:21:57 Tag ID:
2011-12-07 14:21:57 I AM AT PING WRITE
2011-12-07 14:21:57 /vl/p4.jsp?sn=0019db9dbb96&v=65808&st=1&sd=0&tc=fac78d&h=4 7f [04,23]7fffffff00000000000000000000000000000000000000 [03,1]05  ff0a
2011-12-07 14:22:03 BC VERSION:65808
2011-12-07 14:22:03 Tag ID:
2011-12-07 14:22:03 pinginterval: ping to main server
2011-12-07 14:22:03 I AM AT PING WRITE
2011-12-07 14:22:03 /vl/p4.jsp?sn=0019db9dbb96&v=65808&st=1&sd=0&tc=fac78d&h=4 7f [04,23]7fffffff00000000000000000000000000000000000000 [03,1]05  ff0a
2011-12-07 14:22:09 BC VERSION:65808
2011-12-07 14:22:09 Tag ID:
2011-12-07 14:22:09 I AM AT PING WRITE
2011-12-07 14:22:09 /vl/p4.jsp?sn=0019db9dbb96&v=65808&st=1&sd=0&tc=fac78d&h=4 7f [04,23]7fffffff00000000000000000000000000000000000000 [03,1]05  ff0a
2011-12-07 14:22:15 BC VERSION:65808
2011-12-07 14:22:15 Tag ID:
2011-12-07 14:22:15 I AM AT PING WRITE
2011-12-07 14:22:15 /vl/p4.jsp?sn=0019db9dbb96&v=65808&st=1&sd=0&tc=fac78d&h=4 7f [04,23]7fffffff00000000000000000000000000000000000000 [03,1]05  ff0a
2011-12-07 14:22:21 BC VERSION:65808
2011-12-07 14:22:21 Tag ID:
2011-12-07 14:22:21 I AM AT PING WRITE
2011-12-07 14:22:21 /vl/p4.jsp?sn=0019db9dbb96&v=65808&st=1&sd=0&tc=fac78d&h=4 7f [04,23]7fffffff00000000000000000000000000000000000000 [03,1]05  ff0a
2011-12-07 14:22:27 BC VERSION:65808
2011-12-07 14:22:27 Tag ID:
2011-12-07 14:22:27 I AM AT PING WRITE
2011-12-07 14:22:27 /vl/p4.jsp?sn=0019db9dbb96&v=65808&st=1&sd=0&tc=fac78d&h=4 7f [04,23]7fffffff00000000000000000000000000000000000000 [03,1]05  ff0a
2011-12-07 14:22:33 BC VERSION:65808
2011-12-07 14:22:33 Tag ID:
2011-12-07 14:22:33 I AM AT PING WRITE
2011-12-07 14:22:33 /vl/p4.jsp?sn=0019db9dbb96&v=65808&st=1&sd=0&tc=fac78d&h=4 7f [04,23]7fffffff00000000000000000000000000000000000000 [03,1]05  ff0a
2011-12-07 14:22:39 BC VERSION:65808
2011-12-07 14:22:39 Tag ID:
2011-12-07 14:22:39 I AM AT PING WRITE
2011-12-07 14:22:39 /vl/p4.jsp?sn=0019db9dbb96&v=65808&st=1&sd=0&tc=fac78d&h=4 7f [04,23]7fffffff00000000000000000000000000000000000000 [03,1]05  ff0a
2011-12-07 14:22:45 BC VERSION:65808
2011-12-07 14:22:45 Tag ID:
2011-12-07 14:22:45 I AM AT PING WRITE
2011-12-07 14:22:45 /vl/p4.jsp?sn=0019db9dbb96&v=65808&st=1&sd=0&tc=fac78d&h=4 7f [04,23]7fffffff00000000000000000000000000000000000000 [03,1]05  ff0a
2011-12-07 14:22:51 BC VERSION:65808
2011-12-07 14:22:51 Tag ID:
2011-12-07 14:22:51 I AM AT PING WRITE
2011-12-07 14:22:51 /vl/p4.jsp?sn=0019db9dbb96&v=65808&st=1&sd=0&tc=fac78d&h=4 7f [04,23]7fffffff00000000000000000000000000000000000000 [03,1]05  ff0a
2011-12-07 14:22:57 BC VERSION:65808
2011-12-07 14:22:57 Tag ID:
2011-12-07 14:22:57 I AM AT PING WRITE
2011-12-07 14:22:57 /vl/p4.jsp?sn=0019db9dbb96&v=65808&st=1&sd=0&tc=fac78d&h=4 7f [04,23]7fffffff00000000000000000000000000000000000000 [03,1]05  ff0a
2011-12-07 14:23:03 BC VERSION:65808
2011-12-07 14:23:03 Tag ID:
2011-12-07 14:23:03 I AM AT PING WRITE
2011-12-07 14:23:03 /vl/p4.jsp?sn=0019db9dbb96&v=65808&st=1&sd=0&tc=fac78d&h=4 7f [04,23]7fffffff00000000000000000000000000000000000000 [03,1]05  ff0a
2011-12-07 14:23:09 BC VERSION:65808
2011-12-07 14:23:09 Tag ID:
2011-12-07 14:23:09 I AM AT PING WRITE
2011-12-07 14:23:09 /vl/p4.jsp?sn=0019db9dbb96&v=65808&st=1&sd=0&tc=fac78d&h=4 7f [04,23]7fffffff00000000000000000000000000000000000000 [03,1]05  ff0a
2011-12-07 14:23:15 BC VERSION:65808
2011-12-07 14:23:15 Tag ID:
2011-12-07 14:23:15 I AM AT PING WRITE
2011-12-07 14:23:15 /vl/p4.jsp?sn=0019db9dbb96&v=65808&st=1&sd=0&tc=fac78d&h=4 7f [04,23]7fffffff00000000000000000000000000000000000000 [03,1]05  ff0a
2011-12-07 14:23:21 BC VERSION:65808
2011-12-07 14:23:21 Tag ID:
2011-12-07 14:23:21 I AM AT PING WRITE
2011-12-07 14:23:21 /vl/p4.jsp?sn=0019db9dbb96&v=65808&st=1&sd=0&tc=fac78d&h=4 7f [04,23]7fffffff00000000000000000000000000000000000000 [03,1]05  ff0a
2011-12-07 14:23:27 BC VERSION:65808
2011-12-07 14:23:27 Tag ID:
2011-12-07 14:23:27 I AM AT PING WRITE
2011-12-07 14:23:27 /vl/p4.jsp?sn=0019db9dbb96&v=65808&st=1&sd=0&tc=fac78d&h=4 7f [04,23]7fffffff00000000000000000000000000000000000000 [03,1]05  ff0a
2011-12-07 14:23:33 BC VERSION:65808
2011-12-07 14:23:33 Tag ID:
2011-12-07 14:23:33 I AM AT PING WRITE
2011-12-07 14:23:33 /vl/p4.jsp?sn=0019db9dbb96&v=65808&st=1&sd=0&tc=fac78d&h=4 7f [04,23]7fffffff00000000000000000000000000000000000000 [03,1]05  ff0a
2011-12-07 14:23:39 BC VERSION:65808
2011-12-07 14:23:39 Tag ID:
2011-12-07 14:23:39 I AM AT PING WRITE
2011-12-07 14:23:39 /vl/p4.jsp?sn=0019db9dbb96&v=65808&st=1&sd=0&tc=fac78d&h=4 7f [04,23]7fffffff00000000000000000000000000000000000000 [03,1]05  ff0a
2011-12-07 14:23:45 BC VERSION:65808
2011-12-07 14:23:45 Tag ID:
2011-12-07 14:23:45 I AM AT PING WRITE
2011-12-07 14:23:45 /vl/p4.jsp?sn=0019db9dbb96&v=65808&st=1&sd=0&tc=fac78d&h=4 7f [04,23]7fffffff00000000000000000000000000000000000000 [03,1]05  ff0a
2011-12-07 14:23:51 BC VERSION:65808
2011-12-07 14:23:51 Tag ID:
2011-12-07 14:23:51 I AM AT PING WRITE
2011-12-07 14:23:51 /vl/p4.jsp?sn=0019db9dbb96&v=65808&st=1&sd=0&tc=fac78d&h=4 7f [04,23]7fffffff00000000000000000000000000000000000000 [03,1]05  ff0a
2011-12-07 14:23:59 BC VERSION:65808
2011-12-07 14:23:59 Tag ID:
2011-12-07 14:23:59 I AM AT PING WRITE
2011-12-07 14:23:59 /vl/p4.jsp?sn=0019db9dbb96&v=65808&st=1&sd=0&tc=fac78d&h=4 7f [04,23]7fffffff00000000000000000000000000000000000000 [03,1]05  ff0a
2011-12-07 14:24:05 BC VERSION:65808
2011-12-07 14:24:05 Tag ID:
2011-12-07 14:24:05 I AM AT PING WRITE
2011-12-07 14:24:05 /vl/p4.jsp?sn=0019db9dbb96&v=65808&st=1&sd=0&tc=fac78d&h=4 7f [04,23]7fffffff00000000000000000000000000000000000000 [03,1]05  ff0a
2011-12-07 14:24:11 BC VERSION:65808
2011-12-07 14:24:11 Tag ID:
2011-12-07 14:24:11 I AM AT PING WRITE
2011-12-07 14:24:11 /vl/p4.jsp?sn=0019db9dbb96&v=65808&st=1&sd=0&tc=fac78d&h=4 7f [04,23]7fffffff00000000000000000000000000000000000000 [03,1]05  ff0a
2011-12-07 14:24:17 BC VERSION:65808
2011-12-07 14:24:17 Tag ID:
2011-12-07 14:24:17 I AM AT PING WRITE
2011-12-07 14:24:17 /vl/p4.jsp?sn=0019db9dbb96&v=65808&st=1&sd=0&tc=fac78d&h=4 7f [04,23]7fffffff00000000000000000000000000000000000000 [03,1]05  ff0a
2011-12-07 14:24:23 BC VERSION:65808
2011-12-07 14:24:23 Tag ID:
2011-12-07 14:24:23 I AM AT PING WRITE
2011-12-07 14:24:23 /vl/p4.jsp?sn=0019db9dbb96&v=65808&st=1&sd=0&tc=fac78d&h=4 7f [04,23]7fffffff00000000000000000000000000000000000000 [03,1]05  ff0a
2011-12-07 14:24:29 BC VERSION:65808
2011-12-07 14:24:29 Tag ID:
2011-12-07 14:24:29 pinginterval: ping to main server
2011-12-07 14:24:29 I AM AT PING WRITE
2011-12-07 14:24:29 /vl/p4.jsp?sn=0019db9dbb96&v=65808&st=1&sd=0&tc=fac78d&h=4 7f [04,23]7fffffff00000000000000000000000000000000000000 [03,1]05  ff0a
2011-12-07 14:24:35 BC VERSION:65808
2011-12-07 14:24:35 Tag ID:
2011-12-07 14:24:35 I AM AT PING WRITE
2011-12-07 14:24:35 /vl/p4.jsp?sn=0019db9dbb96&v=65808&st=1&sd=0&tc=fac78d&h=4 7f [04,23]7fffffff00000000000000000000000000000000000000 [03,1]05  ff0a
2011-12-07 14:24:41 BC VERSION:65808
2011-12-07 14:24:41 Tag ID:
2011-12-07 14:24:41 I AM AT PING WRITE
2011-12-07 14:24:41 /vl/p4.jsp?sn=0019db9dbb96&v=65808&st=1&sd=0&tc=fac78d&h=4 7f [04,23]7fffffff00000000000000000000000000000000000000 [03,1]05  ff0a
2011-12-07 14:24:47 BC VERSION:65808
2011-12-07 14:24:47 Tag ID:
2011-12-07 14:24:47 I AM AT PING WRITE
2011-12-07 14:24:47 /vl/p4.jsp?sn=0019db9dbb96&v=65808&st=1&sd=0&tc=fac78d&h=4 7f [04,23]7fffffff00000000000000000000000000000000000000 [03,1]05  ff0a
2011-12-07 14:24:53 BC VERSION:65808
2011-12-07 14:24:53 Tag ID:
2011-12-07 14:24:53 I AM AT PING WRITE
2011-12-07 14:24:53 /vl/p4.jsp?sn=0019db9dbb96&v=65808&st=1&sd=0&tc=fac78d&h=4 7f [04,23]7fffffff00000000000000000000000000000000000000 [03,1]05  ff0a
2011-12-07 14:24:59 BC VERSION:65808
2011-12-07 14:24:59 Tag ID:
2011-12-07 14:24:59 I AM AT PING WRITE
2011-12-07 14:24:59 /vl/p4.jsp?sn=0019db9dbb96&v=65808&st=1&sd=0&tc=fac78d&h=4 7f [04,23]7fffffff00000000000000000000000000000000000000 [03,1]05  ff0a
2011-12-07 14:25:05 BC VERSION:65808
2011-12-07 14:25:05 Tag ID:
2011-12-07 14:25:05 I AM AT PING WRITE
2011-12-07 14:25:05 /vl/p4.jsp?sn=0019db9dbb96&v=65808&st=1&sd=0&tc=fac78d&h=4 7f [04,23]7fffffff00000000000000000000000000000000000000 [03,1]05  ff0a
2011-12-07 14:25:11 BC VERSION:65808
2011-12-07 14:25:11 Tag ID:
2011-12-07 14:25:11 I AM AT PING WRITE
2011-12-07 14:25:11 /vl/p4.jsp?sn=0019db9dbb96&v=65808&st=1&sd=0&tc=fac78d&h=4 7f [04,23]7fffffff00000000000000000000000000000000000000 [03,1]05  ff0a
2011-12-07 14:25:17 BC VERSION:65808
2011-12-07 14:25:17 Tag ID:
2011-12-07 14:25:17 I AM AT PING WRITE
2011-12-07 14:25:17 /vl/p4.jsp?sn=0019db9dbb96&v=65808&st=1&sd=0&tc=fac78d&h=4 7f [04,23]7fffffff00000000000000000000000000000000000000 [03,1]05  ff0a
2011-12-07 14:25:23 BC VERSION:65808
2011-12-07 14:25:23 Tag ID:
2011-12-07 14:25:23 I AM AT PING WRITE
2011-12-07 14:25:23 /vl/p4.jsp?sn=0019db9dbb96&v=65808&st=1&sd=0&tc=fac78d&h=4 7f [04,23]7fffffff00000000000000000000000000000000000000 [03,1]05  ff0a
2011-12-07 14:25:29 BC VERSION:65808
2011-12-07 14:25:29 Tag ID:
2011-12-07 14:25:29 I AM AT PING WRITE
2011-12-07 14:25:29 /vl/p4.jsp?sn=0019db9dbb96&v=65808&st=1&sd=0&tc=fac78d&h=4 7f [04,23]7fffffff00000000000000000000000000000000000000 [03,1]05  ff0a
2011-12-07 14:25:35 BC VERSION:65808
2011-12-07 14:25:35 Tag ID:
2011-12-07 14:25:35 I AM AT PING WRITE
2011-12-07 14:25:35 /vl/p4.jsp?sn=0019db9dbb96&v=65808&st=1&sd=0&tc=fac78d&h=4 7f [04,23]7fffffff00000000000000000000000000000000000000 [03,1]05  ff0a
2011-12-07 14:25:41 BC VERSION:65808
2011-12-07 14:25:41 Tag ID:
2011-12-07 14:25:41 I AM AT PING WRITE
2011-12-07 14:25:41 /vl/p4.jsp?sn=0019db9dbb96&v=65808&st=1&sd=0&tc=fac78d&h=4 7f [04,23]7fffffff00000000000000000000000000000000000000 [03,1]05  ff0a
2011-12-07 14:25:47 BC VERSION:65808
2011-12-07 14:25:47 Tag ID:
2011-12-07 14:25:47 I AM AT PING WRITE
2011-12-07 14:25:47 /vl/p4.jsp?sn=0019db9dbb96&v=65808&st=1&sd=0&tc=fac78d&h=4 7f [04,23]7fffffff00000000000000000000000000000000000000 [03,1]05  ff0a
2011-12-07 14:25:53 BC VERSION:65808
2011-12-07 14:25:53 Tag ID:
2011-12-07 14:25:53 I AM AT PING WRITE
2011-12-07 14:25:53 /vl/p4.jsp?sn=0019db9dbb96&v=65808&st=1&sd=0&tc=fac78d&h=4 7f [04,23]7fffffff00000000000000000000000000000000000000 [03,1]05  ff0a
2011-12-07 14:25:59 BC VERSION:65808
2011-12-07 14:25:59 Tag ID:
2011-12-07 14:25:59 I AM AT PING WRITE
2011-12-07 14:25:59 /vl/p4.jsp?sn=0019db9dbb96&v=65808&st=1&sd=0&tc=fac78d&h=4 7f [04,23]7fffffff00000000000000000000000000000000000000 [03,1]05  ff0a
2011-12-07 14:26:05 BC VERSION:65808
2011-12-07 14:26:05 Tag ID:
2011-12-07 14:26:05 I AM AT PING WRITE
2011-12-07 14:26:05 /vl/p4.jsp?sn=0019db9dbb96&v=65808&st=1&sd=0&tc=fac78d&h=4 7f [04,23]7fffffff00000000000000000000000000000000000000 [03,1]05  ff0a
2011-12-07 14:26:11 BC VERSION:65808
2011-12-07 14:26:11 Tag ID:
2011-12-07 14:26:11 I AM AT PING WRITE
2011-12-07 14:26:11 /vl/p4.jsp?sn=0019db9dbb96&v=65808&st=1&sd=0&tc=fac78d&h=4 7f [04,23]7fffffff00000000000000000000000000000000000000 [03,1]05  ff0a
2011-12-07 14:26:17 BC VERSION:65808
2011-12-07 14:26:17 Tag ID:
2011-12-07 14:26:17 I AM AT PING WRITE
2011-12-07 14:26:17 /vl/p4.jsp?sn=0019db9dbb96&v=65808&st=1&sd=0&tc=fac78d&h=4 7f [04,23]7fffffff00000000000000000000000000000000000000 [03,1]05  ff0a
2011-12-07 14:26:23 BC VERSION:65808
2011-12-07 14:26:23 Tag ID:
2011-12-07 14:26:23 I AM AT PING WRITE
2011-12-07 14:26:23 /vl/p4.jsp?sn=0019db9dbb96&v=65808&st=1&sd=0&tc=fac78d&h=4 7f [04,23]7fffffff00000000000000000000000000000000000000 [03,1]05  ff0a
2011-12-07 14:26:29 BC VERSION:65808
2011-12-07 14:26:29 Tag ID:
2011-12-07 14:26:29 I AM AT PING WRITE
2011-12-07 14:26:29 /vl/p4.jsp?sn=0019db9dbb96&v=65808&st=1&sd=0&tc=fac78d&h=4 7f [04,23]7fffffff00000000000000000000000000000000000000 [03,1]05  ff0a
2011-12-07 14:26:35 BC VERSION:65808
2011-12-07 14:26:35 Tag ID:
2011-12-07 14:26:35 I AM AT PING WRITE
2011-12-07 14:26:35 /vl/p4.jsp?sn=0019db9dbb96&v=65808&st=1&sd=0&tc=fac78d&h=4 7f [04,23]7fffffff00000000000000000000000000000000000000 [03,1]05  ff0a
2011-12-07 14:26:41 BC VERSION:65808
2011-12-07 14:26:41 Tag ID:
2011-12-07 14:26:41 I AM AT PING WRITE
2011-12-07 14:26:41 /vl/p4.jsp?sn=0019db9dbb96&v=65808&st=1&sd=0&tc=fac78d&h=4 7f [04,23]7fffffff00000000000000000000000000000000000000 [03,1]05  ff0a
2011-12-07 14:26:47 BC VERSION:65808
2011-12-07 14:26:47 Tag ID:
2011-12-07 14:26:47 I AM AT PING WRITE
2011-12-07 14:26:47 /vl/p4.jsp?sn=0019db9dbb96&v=65808&st=1&sd=0&tc=fac78d&h=4 7f [04,23]7fffffff00000000000000000000000000000000000000 [03,1]05  ff0a
2011-12-07 14:26:53 BC VERSION:65808
2011-12-07 14:26:53 Tag ID:
2011-12-07 14:26:53 pinginterval: ping to main server
2011-12-07 14:26:53 I AM AT PING WRITE
2011-12-07 14:26:53 /vl/p4.jsp?sn=0019db9dbb96&v=65808&st=1&sd=0&tc=fac78d&h=4 7f [04,23]7fffffff00000000000000000000000000000000000000 [03,1]05  ff0a
2011-12-07 14:26:59 BC VERSION:65808
2011-12-07 14:26:59 Tag ID:
2011-12-07 14:26:59 I AM AT PING WRITE
2011-12-07 14:26:59 /vl/p4.jsp?sn=0019db9dbb96&v=65808&st=1&sd=0&tc=fac78d&h=4 7f [04,23]7fffffff00000000000000000000000000000000000000 [03,1]05  ff0a
2011-12-07 14:27:05 BC VERSION:65808
2011-12-07 14:27:05 Tag ID:
2011-12-07 14:27:05 I AM AT PING WRITE
2011-12-07 14:27:05 /vl/p4.jsp?sn=0019db9dbb96&v=65808&st=1&sd=0&tc=fac78d&h=4 7f [04,23]7fffffff00000000000000000000000000000000000000 [03,1]05  ff0a
2011-12-07 14:27:11 BC VERSION:65808
2011-12-07 14:27:11 Tag ID:
2011-12-07 14:27:11 I AM AT PING WRITE
2011-12-07 14:27:11 /vl/p4.jsp?sn=0019db9dbb96&v=65808&st=1&sd=0&tc=fac78d&h=4 7f [04,23]7fffffff00000000000000000000000000000000000000 [03,1]05  ff0a
2011-12-07 14:27:17 BC VERSION:65808
2011-12-07 14:27:17 Tag ID:
2011-12-07 14:27:17 I AM AT PING WRITE
2011-12-07 14:27:17 /vl/p4.jsp?sn=0019db9dbb96&v=65808&st=1&sd=0&tc=fac78d&h=4 7f [04,23]7fffffff00000000000000000000000000000000000000 [03,1]05  ff0a
2011-12-07 14:27:23 BC VERSION:65808
2011-12-07 14:27:23 Tag ID:
2011-12-07 14:27:23 I AM AT PING WRITE
2011-12-07 14:27:23 /vl/p4.jsp?sn=0019db9dbb96&v=65808&st=1&sd=0&tc=fac78d&h=4 7f [04,23]7fffffff00000000000000000000000000000000000000 [03,1]05  ff0a
2011-12-07 14:27:29 BC VERSION:65808
2011-12-07 14:27:29 Tag ID:
2011-12-07 14:27:29 I AM AT PING WRITE
2011-12-07 14:27:29 /vl/p4.jsp?sn=0019db9dbb96&v=65808&st=1&sd=0&tc=fac78d&h=4 7f [04,23]7fffffff00000000000000000000000000000000000000 [03,1]05  ff0a
2011-12-07 14:27:35 BC VERSION:65808
2011-12-07 14:27:35 Tag ID:
2011-12-07 14:27:35 I AM AT PING WRITE
2011-12-07 14:27:35 /vl/p4.jsp?sn=0019db9dbb96&v=65808&st=1&sd=0&tc=fac78d&h=4 7f [04,23]7fffffff00000000000000000000000000000000000000 [03,1]05  ff0a
2011-12-07 14:27:41 BC VERSION:65808
2011-12-07 14:27:41 Tag ID:
2011-12-07 14:27:41 I AM AT PING WRITE
2011-12-07 14:27:41 /vl/p4.jsp?sn=0019db9dbb96&v=65808&st=1&sd=0&tc=fac78d&h=4 7f [04,23]7fffffff00000000000000000000000000000000000000 [03,1]05  ff0a
2011-12-07 14:27:47 BC VERSION:65808
2011-12-07 14:27:47 Tag ID:
2011-12-07 14:27:47 I AM AT PING WRITE
2011-12-07 14:27:47 /vl/p4.jsp?sn=0019db9dbb96&v=65808&st=1&sd=0&tc=fac78d&h=4 7f [04,23]7fffffff00000000000000000000000000000000000000 [03,1]05  ff0a
2011-12-07 14:27:53 BC VERSION:65808
2011-12-07 14:27:53 Tag ID:
2011-12-07 14:27:53 I AM AT PING WRITE
2011-12-07 14:27:53 /vl/p4.jsp?sn=0019db9dbb96&v=65808&st=1&sd=0&tc=fac78d&h=4 7f [04,23]7fffffff00000000000000000000000000000000000000 [03,1]05  ff0a
2011-12-07 14:27:59 BC VERSION:65808
2011-12-07 14:27:59 Tag ID:
2011-12-07 14:27:59 I AM AT PING WRITE
2011-12-07 14:27:59 /vl/p4.jsp?sn=0019db9dbb96&v=65808&st=1&sd=0&tc=fac78d&h=4 7f [04,23]7fffffff00000000000000000000000000000000000000 [03,1]05  ff0a
2011-12-07 14:28:05 BC VERSION:65808
2011-12-07 14:28:05 Tag ID:
2011-12-07 14:28:05 I AM AT PING WRITE
2011-12-07 14:28:05 /vl/p4.jsp?sn=0019db9dbb96&v=65808&st=1&sd=0&tc=fac78d&h=4 7f [04,23]7fffffff00000000000000000000000000000000000000 [03,1]05  ff0a
2011-12-07 14:28:11 BC VERSION:65808
2011-12-07 14:28:11 Tag ID:
2011-12-07 14:28:11 I AM AT PING WRITE
2011-12-07 14:28:11 /vl/p4.jsp?sn=0019db9dbb96&v=65808&st=1&sd=0&tc=fac78d&h=4 7f [04,23]7fffffff00000000000000000000000000000000000000 [03,1]05  ff0a
2011-12-07 14:28:17 BC VERSION:65808
2011-12-07 14:28:17 Tag ID:
2011-12-07 14:28:17 I AM AT PING WRITE
2011-12-07 14:28:17 /vl/p4.jsp?sn=0019db9dbb96&v=65808&st=1&sd=0&tc=fac78d&h=4 7f [04,23]7fffffff00000000000000000000000000000000000000 [03,1]05  ff0a
2011-12-07 14:28:23 BC VERSION:65808
2011-12-07 14:28:23 Tag ID:
2011-12-07 14:28:23 I AM AT PING WRITE
2011-12-07 14:28:23 /vl/p4.jsp?sn=0019db9dbb96&v=65808&st=1&sd=0&tc=fac78d&h=4 7f [04,23]7fffffff00000000000000000000000000000000000000 [03,1]05  ff0a
2011-12-07 14:28:29 BC VERSION:65808
2011-12-07 14:28:29 Tag ID:
2011-12-07 14:28:29 I AM AT PING WRITE
2011-12-07 14:28:29 /vl/p4.jsp?sn=0019db9dbb96&v=65808&st=1&sd=0&tc=fac78d&h=4 7f [04,23]7fffffff00000000000000000000000000000000000000 [03,1]05  ff0a
2011-12-07 14:28:35 BC VERSION:65808
2011-12-07 14:28:35 Tag ID:
2011-12-07 14:28:35 I AM AT PING WRITE
2011-12-07 14:28:35 /vl/p4.jsp?sn=0019db9dbb96&v=65808&st=1&sd=0&tc=fac78d&h=4 7f [04,23]7fffffff00000000000000000000000000000000000000 [03,1]05  ff0a
2011-12-07 14:28:41 BC VERSION:65808
2011-12-07 14:28:41 Tag ID:
2011-12-07 14:28:41 I AM AT PING WRITE
2011-12-07 14:28:41 /vl/p4.jsp?sn=0019db9dbb96&v=65808&st=1&sd=0&tc=fac78d&h=4 7f [04,23]7fffffff00000000000000000000000000000000000000 [03,1]05  ff0a
2011-12-07 14:28:47 BC VERSION:65808
2011-12-07 14:28:47 Tag ID:
2011-12-07 14:28:47 I AM AT PING WRITE
2011-12-07 14:28:47 /vl/p4.jsp?sn=0019db9dbb96&v=65808&st=1&sd=0&tc=fac78d&h=4 7f [04,23]7fffffff00000000000000000000000000000000000000 [03,1]05  ff0a
2011-12-07 14:28:53 BC VERSION:65808
2011-12-07 14:28:53 Tag ID:
2011-12-07 14:28:53 I AM AT PING WRITE
2011-12-07 14:28:53 /vl/p4.jsp?sn=0019db9dbb96&v=65808&st=1&sd=0&tc=fac78d&h=4 7f [04,23]7fffffff00000000000000000000000000000000000000 [03,1]05  ff0a
2011-12-07 14:28:59 BC VERSION:65808
2011-12-07 14:28:59 Tag ID:
2011-12-07 14:28:59 I AM AT PING WRITE
2011-12-07 14:28:59 /vl/p4.jsp?sn=0019db9dbb96&v=65808&st=1&sd=0&tc=fac78d&h=4 7f [04,23]7fffffff00000000000000000000000000000000000000 [03,1]05  ff0a
2011-12-07 14:29:05 BC VERSION:65808
2011-12-07 14:29:05 Tag ID:
2011-12-07 14:29:05 I AM AT PING WRITE
2011-12-07 14:29:05 /vl/p4.jsp?sn=0019db9dbb96&v=65808&st=1&sd=0&tc=fac78d&h=4 7f [04,23]7fffffff00000000000000000000000000000000000000 [03,1]05  ff0a
2011-12-07 14:29:11 BC VERSION:65808
2011-12-07 14:29:11 Tag ID:
2011-12-07 14:29:11 I AM AT PING WRITE
2011-12-07 14:29:11 /vl/p4.jsp?sn=0019db9dbb96&v=65808&st=1&sd=0&tc=fac78d&h=4 7f [04,23]7fffffff00000000000000000000000000000000000000 [03,1]05  ff0a
2011-12-07 14:29:17 BC VERSION:65808
2011-12-07 14:29:17 Tag ID:
2011-12-07 14:29:17 pinginterval: ping to main server
2011-12-07 14:29:17 I AM AT PING WRITE
2011-12-07 14:29:17 /vl/p4.jsp?sn=0019db9dbb96&v=65808&st=1&sd=0&tc=fac78d&h=4 7f [04,23]7fffffff00000000000000000000000000000000000000 [03,1]05  ff0a
2011-12-07 14:29:23 BC VERSION:65808
2011-12-07 14:29:23 Tag ID:
2011-12-07 14:29:23 I AM AT PING WRITE
2011-12-07 14:29:23 /vl/p4.jsp?sn=0019db9dbb96&v=65808&st=1&sd=0&tc=fac78d&h=4 7f [04,23]7fffffff00000000000000000000000000000000000000 [03,1]05  ff0a
2011-12-07 14:29:29 BC VERSION:65808
2011-12-07 14:29:29 Tag ID:
2011-12-07 14:29:29 I AM AT PING WRITE
2011-12-07 14:29:29 /vl/p4.jsp?sn=0019db9dbb96&v=65808&st=1&sd=0&tc=fac78d&h=4 7f [04,23]7fffffff00000000000000000000000000000000000000 [03,1]05  ff0a
2011-12-07 14:29:35 BC VERSION:65808
2011-12-07 14:29:35 Tag ID:
2011-12-07 14:29:35 I AM AT PING WRITE
2011-12-07 14:29:35 /vl/p4.jsp?sn=0019db9dbb96&v=65808&st=1&sd=0&tc=fac78d&h=4 7f [04,23]7fffffff00000000000000000000000000000000000000 [03,1]05  ff0a
2011-12-07 14:29:41 BC VERSION:65808
2011-12-07 14:29:41 Tag ID:
2011-12-07 14:29:41 I AM AT PING WRITE
2011-12-07 14:29:41 /vl/p4.jsp?sn=0019db9dbb96&v=65808&st=1&sd=0&tc=fac78d&h=4 7f [04,23]7fffffff00000000000000000000000000000000000000 [03,1]05  ff0a
2011-12-07 14:29:47 BC VERSION:65808
2011-12-07 14:29:47 Tag ID:
2011-12-07 14:29:47 I AM AT PING WRITE
2011-12-07 14:29:47 /vl/p4.jsp?sn=0019db9dbb96&v=65808&st=1&sd=0&tc=fac78d&h=4 7f [04,23]7fffffff00000000000000000000000000000000000000 [03,1]05  ff0a
2011-12-07 14:29:53 BC VERSION:65808
2011-12-07 14:29:53 Tag ID:
2011-12-07 14:29:53 I AM AT PING WRITE
2011-12-07 14:29:53 /vl/p4.jsp?sn=0019db9dbb96&v=65808&st=1&sd=0&tc=fac78d&h=4 7f [04,23]7fffffff00000000000000000000000000000000000000 [03,1]05  ff0a
2011-12-07 14:29:59 BC VERSION:65808
2011-12-07 14:29:59 Tag ID:
2011-12-07 14:29:59 I AM AT PING WRITE
2011-12-07 14:29:59 /vl/p4.jsp?sn=0019db9dbb96&v=65808&st=1&sd=0&tc=fac78d&h=4 7f [04,23]7fffffff00000000000000000000000000000000000000 [03,1]05  ff0a
2011-12-07 14:30:05 BC VERSION:65808
2011-12-07 14:30:05 Tag ID:
2011-12-07 14:30:05 I AM AT PING WRITE
2011-12-07 14:30:05 /vl/p4.jsp?sn=0019db9dbb96&v=65808&st=1&sd=0&tc=fac78d&h=4 7f [04,23]7fffffff00000000000000000000000000000000000000 [03,1]05  ff0a
2011-12-07 14:30:11 BC VERSION:65808
2011-12-07 14:30:11 Tag ID:
2011-12-07 14:30:11 I AM AT PING WRITE
2011-12-07 14:30:11 /vl/p4.jsp?sn=0019db9dbb96&v=65808&st=1&sd=0&tc=fac78d&h=4 7f [04,23]7fffffff00000000000000000000000000000000000000 [03,1]05  ff0a
2011-12-07 14:30:17 BC VERSION:65808
2011-12-07 14:30:17 Tag ID:
2011-12-07 14:30:17 I AM AT PING WRITE
2011-12-07 14:30:17 /vl/p4.jsp?sn=0019db9dbb96&v=65808&st=1&sd=0&tc=fac78d&h=4 7f [04,23]7fffffff00000000000000000000000000000000000000 [03,1]05  ff0a
2011-12-07 14:30:23 BC VERSION:65808
2011-12-07 14:30:23 Tag ID:
2011-12-07 14:30:23 I AM AT PING WRITE
2011-12-07 14:30:23 /vl/p4.jsp?sn=0019db9dbb96&v=65808&st=1&sd=0&tc=fac78d&h=4 7f [04,23]7fffffff00000000000000000000000000000000000000 [03,1]05  ff0a
2011-12-07 14:30:29 BC VERSION:65808
2011-12-07 14:30:29 Tag ID:
2011-12-07 14:30:29 I AM AT PING WRITE
2011-12-07 14:30:29 /vl/p4.jsp?sn=0019db9dbb96&v=65808&st=1&sd=0&tc=fac78d&h=4 7f [04,23]7fffffff00000000000000000000000000000000000000 [03,1]05  ff0a
2011-12-07 14:30:35 BC VERSION:65808
2011-12-07 14:30:35 Tag ID:
2011-12-07 14:30:35 I AM AT PING WRITE
2011-12-07 14:30:35 /vl/p4.jsp?sn=0019db9dbb96&v=65808&st=1&sd=0&tc=fac78d&h=4 7f [04,23]7fffffff00000000000000000000000000000000000000 [03,1]05  ff0a
2011-12-07 14:30:41 BC VERSION:65808
2011-12-07 14:30:41 Tag ID:
2011-12-07 14:30:41 I AM AT PING WRITE
2011-12-07 14:30:41 /vl/p4.jsp?sn=0019db9dbb96&v=65808&st=1&sd=0&tc=fac78d&h=4 7f [04,23]7fffffff00000000000000000000000000000000000000 [03,1]05  ff0a
2011-12-07 14:30:47 BC VERSION:65808
2011-12-07 14:30:47 Tag ID:
2011-12-07 14:30:47 I AM AT PING WRITE
2011-12-07 14:30:47 /vl/p4.jsp?sn=0019db9dbb96&v=65808&st=1&sd=0&tc=fac78d&h=4 7f [04,23]7fffffff00000000000000000000000000000000000000 [03,1]05  ff0a
2011-12-07 14:30:53 BC VERSION:65808
2011-12-07 14:30:53 Tag ID:
2011-12-07 14:30:53 I AM AT PING WRITE
2011-12-07 14:30:53 /vl/p4.jsp?sn=0019db9dbb96&v=65808&st=1&sd=0&tc=fac78d&h=4 7f [04,23]7fffffff00000000000000000000000000000000000000 [03,1]05  ff0a
2011-12-07 14:30:59 BC VERSION:65808
2011-12-07 14:30:59 Tag ID:
2011-12-07 14:30:59 I AM AT PING WRITE
2011-12-07 14:30:59 /vl/p4.jsp?sn=0019db9dbb96&v=65808&st=1&sd=0&tc=fac78d&h=4 7f [04,23]7fffffff00000000000000000000000000000000000000 [03,1]05  ff0a
2011-12-07 14:31:05 BC VERSION:65808
2011-12-07 14:31:05 Tag ID:
2011-12-07 14:31:05 I AM AT PING WRITE
2011-12-07 14:31:05 /vl/p4.jsp?sn=0019db9dbb96&v=65808&st=1&sd=0&tc=fac78d&h=4 7f [04,23]7fffffff00000000000000000000000000000000000000 [03,1]05  ff0a
2011-12-07 14:31:11 BC VERSION:65808
2011-12-07 14:31:11 Tag ID:
2011-12-07 14:31:11 I AM AT PING WRITE
2011-12-07 14:31:11 /vl/p4.jsp?sn=0019db9dbb96&v=65808&st=1&sd=0&tc=fac78d&h=4 7f [04,23]7fffffff00000000000000000000000000000000000000 [03,1]05  ff0a
2011-12-07 14:31:17 BC VERSION:65808
2011-12-07 14:31:17 Tag ID:
2011-12-07 14:31:17 I AM AT PING WRITE
2011-12-07 14:31:17 /vl/p4.jsp?sn=0019db9dbb96&v=65808&st=1&sd=0&tc=fac78d&h=4 7f [04,23]7fffffff00000000000000000000000000000000000000 [03,1]05  ff0a
2011-12-07 14:31:23 BC VERSION:65808
2011-12-07 14:31:23 Tag ID:
2011-12-07 14:31:23 I AM AT PING WRITE
2011-12-07 14:31:23 /vl/p4.jsp?sn=0019db9dbb96&v=65808&st=1&sd=0&tc=fac78d&h=4 7f [04,23]7fffffff00000000000000000000000000000000000000 [03,1]05  ff0a
2011-12-07 14:31:29 BC VERSION:65808
2011-12-07 14:31:29 Tag ID:
2011-12-07 14:31:29 I AM AT PING WRITE
2011-12-07 14:31:29 /vl/p4.jsp?sn=0019db9dbb96&v=65808&st=1&sd=0&tc=fac78d&h=4 7f [04,23]7fffffff00000000000000000000000000000000000000 [03,1]05  ff0a
2011-12-07 14:31:35 BC VERSION:65808
2011-12-07 14:31:35 Tag ID:
2011-12-07 14:31:35 I AM AT PING WRITE
2011-12-07 14:31:35 /vl/p4.jsp?sn=0019db9dbb96&v=65808&st=1&sd=0&tc=fac78d&h=4 7f [04,23]7fffffff00000000000000000000000000000000000000 [03,1]05  ff0a
2011-12-07 14:31:41 BC VERSION:65808
2011-12-07 14:31:41 Tag ID:
2011-12-07 14:31:41 pinginterval: ping to main server
2011-12-07 14:31:41 I AM AT PING WRITE
2011-12-07 14:31:41 /vl/p4.jsp?sn=0019db9dbb96&v=65808&st=1&sd=0&tc=fac78d&h=4 7f [04,23]7fffffff00000000000000000000000000000000000000 [03,1]05  ff0a
2011-12-07 14:31:47 BC VERSION:65808
2011-12-07 14:31:47 Tag ID:
2011-12-07 14:31:47 I AM AT PING WRITE
2011-12-07 14:31:47 /vl/p4.jsp?sn=0019db9dbb96&v=65808&st=1&sd=0&tc=fac78d&h=4 7f [04,23]7fffffff00000000000000000000000000000000000000 [03,1]05  ff0a
2011-12-07 14:31:53 BC VERSION:65808
2011-12-07 14:31:53 Tag ID:
2011-12-07 14:31:53 I AM AT PING WRITE
2011-12-07 14:31:53 /vl/p4.jsp?sn=0019db9dbb96&v=65808&st=1&sd=0&tc=fac78d&h=4 7f [04,23]7fffffff00000000000000000000000000000000000000 [03,1]05  ff0a
2011-12-07 14:31:59 BC VERSION:65808
2011-12-07 14:31:59 Tag ID:
2011-12-07 14:31:59 I AM AT PING WRITE
2011-12-07 14:31:59 /vl/p4.jsp?sn=0019db9dbb96&v=65808&st=1&sd=0&tc=fac78d&h=4 7f [04,23]7fffffff00000000000000000000000000000000000000 [03,1]05  ff0a
2011-12-07 14:32:05 BC VERSION:65808
2011-12-07 14:32:05 Tag ID:
2011-12-07 14:32:05 I AM AT PING WRITE
2011-12-07 14:32:05 /vl/p4.jsp?sn=0019db9dbb96&v=65808&st=1&sd=0&tc=fac78d&h=4 7f [04,23]7fffffff00000000000000000000000000000000000000 [03,1]05  ff0a
2011-12-07 14:32:11 BC VERSION:65808
2011-12-07 14:32:11 Tag ID:
2011-12-07 14:32:11 I AM AT PING WRITE
2011-12-07 14:32:11 /vl/p4.jsp?sn=0019db9dbb96&v=65808&st=1&sd=0&tc=fac78d&h=4 7f [04,23]7fffffff00000000000000000000000000000000000000 [03,1]05  ff0a
2011-12-07 14:32:17 BC VERSION:65808
2011-12-07 14:32:17 Tag ID:
2011-12-07 14:32:17 I AM AT PING WRITE
2011-12-07 14:32:17 /vl/p4.jsp?sn=0019db9dbb96&v=65808&st=1&sd=0&tc=fac78d&h=4 7f [04,23]7fffffff00000000000000000000000000000000000000 [03,1]05  ff0a
2011-12-07 14:32:23 BC VERSION:65808
2011-12-07 14:32:23 Tag ID:
2011-12-07 14:32:23 I AM AT PING WRITE
2011-12-07 14:32:23 /vl/p4.jsp?sn=0019db9dbb96&v=65808&st=1&sd=0&tc=fac78d&h=4 7f [04,23]7fffffff00000000000000000000000000000000000000 [03,1]05  ff0a
2011-12-07 14:32:29 BC VERSION:65808
2011-12-07 14:32:29 Tag ID:
2011-12-07 14:32:29 I AM AT PING WRITE
2011-12-07 14:32:29 /vl/p4.jsp?sn=0019db9dbb96&v=65808&st=1&sd=0&tc=fac78d&h=4 7f [04,23]7fffffff00000000000000000000000000000000000000 [03,1]05  ff0a
2011-12-07 14:32:35 BC VERSION:65808
2011-12-07 14:32:35 Tag ID:
2011-12-07 14:32:35 I AM AT PING WRITE
2011-12-07 14:32:35 /vl/p4.jsp?sn=0019db9dbb96&v=65808&st=1&sd=0&tc=fac78d&h=4 7f [04,23]7fffffff00000000000000000000000000000000000000 [03,1]05  ff0a
2011-12-07 14:32:41 BC VERSION:65808
2011-12-07 14:32:41 Tag ID:
2011-12-07 14:32:41 I AM AT PING WRITE
2011-12-07 14:32:41 /vl/p4.jsp?sn=0019db9dbb96&v=65808&st=1&sd=0&tc=fac78d&h=4 7f [04,23]7fffffff00000000000000000000000000000000000000 [03,1]05  ff0a
2011-12-07 14:32:47 BC VERSION:65808
2011-12-07 14:32:47 Tag ID:
2011-12-07 14:32:47 I AM AT PING WRITE
2011-12-07 14:32:47 /vl/p4.jsp?sn=0019db9dbb96&v=65808&st=1&sd=0&tc=fac78d&h=4 7f [04,23]7fffffff00000000000000000000000000000000000000 [03,1]05  ff0a
2011-12-07 14:32:53 BC VERSION:65808
2011-12-07 14:32:53 Tag ID:
2011-12-07 14:32:53 I AM AT PING WRITE
2011-12-07 14:32:53 /vl/p4.jsp?sn=0019db9dbb96&v=65808&st=1&sd=0&tc=fac78d&h=4 7f [04,23]7fffffff00000000000000000000000000000000000000 [03,1]05  ff0a
2011-12-07 14:32:59 BC VERSION:65808
2011-12-07 14:32:59 Tag ID:
2011-12-07 14:32:59 I AM AT PING WRITE
2011-12-07 14:32:59 /vl/p4.jsp?sn=0019db9dbb96&v=65808&st=1&sd=0&tc=fac78d&h=4 7f [04,23]7fffffff00000000000000000000000000000000000000 [03,1]05  ff0a
2011-12-07 14:33:05 BC VERSION:65808
2011-12-07 14:33:05 Tag ID:
2011-12-07 14:33:05 I AM AT PING WRITE
2011-12-07 14:33:05 /vl/p4.jsp?sn=0019db9dbb96&v=65808&st=1&sd=0&tc=fac78d&h=4 7f [04,23]7fffffff00000000000000000000000000000000000000 [03,1]05  ff0a
2011-12-07 14:33:11 BC VERSION:65808
2011-12-07 14:33:11 Tag ID:
2011-12-07 14:33:11 I AM AT PING WRITE
2011-12-07 14:33:11 /vl/p4.jsp?sn=0019db9dbb96&v=65808&st=1&sd=0&tc=fac78d&h=4 7f [04,23]7fffffff00000000000000000000000000000000000000 [03,1]05  ff0a
2011-12-07 14:33:17 BC VERSION:65808
2011-12-07 14:33:17 Tag ID:
2011-12-07 14:33:17 I AM AT PING WRITE
2011-12-07 14:33:17 /vl/p4.jsp?sn=0019db9dbb96&v=65808&st=1&sd=0&tc=fac78d&h=4 7f [04,23]7fffffff00000000000000000000000000000000000000 [03,1]05  ff0a
2011-12-07 14:33:23 BC VERSION:65808
2011-12-07 14:33:23 Tag ID:
2011-12-07 14:33:23 I AM AT PING WRITE
2011-12-07 14:33:23 /vl/p4.jsp?sn=0019db9dbb96&v=65808&st=1&sd=0&tc=fac78d&h=4 7f [04,23]7fffffff00000000000000000000000000000000000000 [03,1]05  ff0a
2011-12-07 14:33:29 BC VERSION:65808
2011-12-07 14:33:29 Tag ID:
2011-12-07 14:33:29 I AM AT PING WRITE
2011-12-07 14:33:29 /vl/p4.jsp?sn=0019db9dbb96&v=65808&st=1&sd=0&tc=fac78d&h=4 7f [04,23]7fffffff00000000000000000000000000000000000000 [03,1]05  ff0a
2011-12-07 14:33:35 BC VERSION:65808
2011-12-07 14:33:35 Tag ID:
2011-12-07 14:33:35 I AM AT PING WRITE
2011-12-07 14:33:35 /vl/p4.jsp?sn=0019db9dbb96&v=65808&st=1&sd=0&tc=fac78d&h=4 7f [04,23]7fffffff00000000000000000000000000000000000000 [03,1]05  ff0a
2011-12-07 14:33:41 BC VERSION:65808
2011-12-07 14:33:41 Tag ID:
2011-12-07 14:33:41 I AM AT PING WRITE
2011-12-07 14:33:41 /vl/p4.jsp?sn=0019db9dbb96&v=65808&st=1&sd=0&tc=fac78d&h=4 7f [04,23]7fffffff00000000000000000000000000000000000000 [03,1]05  ff0a
2011-12-07 14:33:47 BC VERSION:65808
2011-12-07 14:33:47 Tag ID:
2011-12-07 14:33:47 I AM AT PING WRITE
2011-12-07 14:33:47 /vl/p4.jsp?sn=0019db9dbb96&v=65808&st=1&sd=0&tc=fac78d&h=4 7f [04,23]7fffffff00000000000000000000000000000000000000 [03,1]05  ff0a
2011-12-07 14:33:53 BC VERSION:65808
2011-12-07 14:33:53 Tag ID:
2011-12-07 14:33:53 I AM AT PING WRITE
2011-12-07 14:33:53 /vl/p4.jsp?sn=0019db9dbb96&v=65808&st=1&sd=0&tc=fac78d&h=4 7f [04,23]7fffffff00000000000000000000000000000000000000 [03,1]05  ff0a
2011-12-07 14:33:59 BC VERSION:65808
2011-12-07 14:33:59 Tag ID:
2011-12-07 14:33:59 I AM AT PING WRITE
2011-12-07 14:33:59 /vl/p4.jsp?sn=0019db9dbb96&v=65808&st=1&sd=0&tc=fac78d&h=4 7f [04,23]7fffffff00000000000000000000000000000000000000 [03,1]05  ff0a
2011-12-07 14:34:05 BC VERSION:65808
2011-12-07 14:34:05 Tag ID:
2011-12-07 14:34:05 pinginterval: ping to main server
2011-12-07 14:34:05 I AM AT PING WRITE
2011-12-07 14:34:05 /vl/p4.jsp?sn=0019db9dbb96&v=65808&st=1&sd=0&tc=fac78d&h=4 7f [04,23]7fffffff00000000000000000000000000000000000000 [03,1]05  ff0a
2011-12-07 14:34:11 BC VERSION:65808
2011-12-07 14:34:11 Tag ID:
2011-12-07 14:34:11 I AM AT PING WRITE
2011-12-07 14:34:11 /vl/p4.jsp?sn=0019db9dbb96&v=65808&st=1&sd=0&tc=fac78d&h=4 7f [04,23]7fffffff00000000000000000000000000000000000000 [03,1]05  ff0a
2011-12-07 14:34:17 BC VERSION:65808
2011-12-07 14:34:17 Tag ID:
2011-12-07 14:34:17 I AM AT PING WRITE
2011-12-07 14:34:17 /vl/p4.jsp?sn=0019db9dbb96&v=65808&st=1&sd=0&tc=fac78d&h=4 7f [04,23]7fffffff00000000000000000000000000000000000000 [03,1]05  ff0a
2011-12-07 14:34:23 BC VERSION:65808
2011-12-07 14:34:23 Tag ID:
2011-12-07 14:34:23 I AM AT PING WRITE
2011-12-07 14:34:23 /vl/p4.jsp?sn=0019db9dbb96&v=65808&st=1&sd=0&tc=fac78d&h=4 7f [04,23]7fffffff00000000000000000000000000000000000000 [03,1]05  ff0a
2011-12-07 14:34:31 BC VERSION:65808
2011-12-07 14:34:31 Tag ID:
2011-12-07 14:34:31 I AM AT PING WRITE
2011-12-07 14:34:31 /vl/p4.jsp?sn=0019db9dbb96&v=65808&st=1&sd=0&tc=fac78d&h=4 7f [04,23]7fffffff00000000000000000000000000000000000000 [03,1]05  ff0a
2011-12-07 14:34:38 BC VERSION:65808
2011-12-07 14:34:38 Tag ID:
2011-12-07 14:34:38 I AM AT PING WRITE
2011-12-07 14:34:38 /vl/p4.jsp?sn=0019db9dbb96&v=65808&st=1&sd=0&tc=fac78d&h=4 7f [04,23]7fffffff00000000000000000000000000000000000000 [03,1]05  ff0a
2011-12-07 14:34:44 BC VERSION:65808
2011-12-07 14:34:44 Tag ID:
2011-12-07 14:34:44 I AM AT PING WRITE
2011-12-07 14:34:44 /vl/p4.jsp?sn=0019db9dbb96&v=65808&st=1&sd=0&tc=fac78d&h=4 7f [04,23]7fffffff00000000000000000000000000000000000000 [03,1]05  ff0a
2011-12-07 14:34:50 BC VERSION:65808
2011-12-07 14:34:50 Tag ID:
2011-12-07 14:34:50 I AM AT PING WRITE
2011-12-07 14:34:50 /vl/p4.jsp?sn=0019db9dbb96&v=65808&st=1&sd=0&tc=fac78d&h=4 7f [04,23]7fffffff00000000000000000000000000000000000000 [03,1]05  ff0a
2011-12-07 14:34:56 BC VERSION:65808
2011-12-07 14:34:56 Tag ID:
2011-12-07 14:34:56 I AM AT PING WRITE
2011-12-07 14:34:56 /vl/p4.jsp?sn=0019db9dbb96&v=65808&st=1&sd=0&tc=fac78d&h=4 7f [04,23]7fffffff00000000000000000000000000000000000000 [03,1]05  ff0a
2011-12-07 14:35:02 BC VERSION:65808
2011-12-07 14:35:02 Tag ID:
2011-12-07 14:35:02 I AM AT PING WRITE
2011-12-07 14:35:02 /vl/p4.jsp?sn=0019db9dbb96&v=65808&st=1&sd=0&tc=fac78d&h=4 7f [04,23]7fffffff00000000000000000000000000000000000000 [03,1]05  ff0a
2011-12-07 14:35:08 BC VERSION:65808
2011-12-07 14:35:08 Tag ID:
2011-12-07 14:35:08 I AM AT PING WRITE
2011-12-07 14:35:08 /vl/p4.jsp?sn=0019db9dbb96&v=65808&st=1&sd=0&tc=fac78d&h=4 7f [04,23]7fffffff00000000000000000000000000000000000000 [03,1]05  ff0a
2011-12-07 14:35:14 BC VERSION:65808
2011-12-07 14:35:14 Tag ID:
2011-12-07 14:35:14 I AM AT PING WRITE
2011-12-07 14:35:14 /vl/p4.jsp?sn=0019db9dbb96&v=65808&st=1&sd=0&tc=fac78d&h=4 7f [04,23]7fffffff00000000000000000000000000000000000000 [03,1]05  ff0a
2011-12-07 14:35:20 BC VERSION:65808
2011-12-07 14:35:20 Tag ID:
2011-12-07 14:35:20 I AM AT PING WRITE
2011-12-07 14:35:20 /vl/p4.jsp?sn=0019db9dbb96&v=65808&st=1&sd=0&tc=fac78d&h=4 7f [04,23]7fffffff00000000000000000000000000000000000000 [03,1]05  ff0a
2011-12-07 14:35:26 BC VERSION:65808
2011-12-07 14:35:26 Tag ID:
2011-12-07 14:35:26 I AM AT PING WRITE
2011-12-07 14:35:26 /vl/p4.jsp?sn=0019db9dbb96&v=65808&st=1&sd=0&tc=fac78d&h=4 7f [04,23]7fffffff00000000000000000000000000000000000000 [03,1]05  ff0a
2011-12-07 14:35:32 BC VERSION:65808
2011-12-07 14:35:32 Tag ID:
2011-12-07 14:35:32 I AM AT PING WRITE
2011-12-07 14:35:32 /vl/p4.jsp?sn=0019db9dbb96&v=65808&st=1&sd=0&tc=fac78d&h=4 7f [04,23]7fffffff00000000000000000000000000000000000000 [03,1]05  ff0a
2011-12-07 14:35:38 BC VERSION:65808
2011-12-07 14:35:38 Tag ID:
2011-12-07 14:35:38 I AM AT PING WRITE
2011-12-07 14:35:38 /vl/p4.jsp?sn=0019db9dbb96&v=65808&st=1&sd=0&tc=fac78d&h=4 7f [04,23]7fffffff00000000000000000000000000000000000000 [03,1]05  ff0a
2011-12-07 14:35:44 BC VERSION:65808
2011-12-07 14:35:44 Tag ID:
2011-12-07 14:35:44 I AM AT PING WRITE
2011-12-07 14:35:44 /vl/p4.jsp?sn=0019db9dbb96&v=65808&st=1&sd=0&tc=fac78d&h=4 7f [04,23]7fffffff00000000000000000000000000000000000000 [03,1]05  ff0a
2011-12-07 14:35:50 BC VERSION:65808
2011-12-07 14:35:50 Tag ID:
2011-12-07 14:35:50 I AM AT PING WRITE
2011-12-07 14:35:50 /vl/p4.jsp?sn=0019db9dbb96&v=65808&st=1&sd=0&tc=fac78d&h=4 7f [04,23]7fffffff00000000000000000000000000000000000000 [03,1]05  ff0a
2011-12-07 14:35:56 BC VERSION:65808
2011-12-07 14:35:56 Tag ID:
2011-12-07 14:35:56 I AM AT PING WRITE
2011-12-07 14:35:56 /vl/p4.jsp?sn=0019db9dbb96&v=65808&st=1&sd=0&tc=fac78d&h=4 7f [04,23]7fffffff00000000000000000000000000000000000000 [03,1]05  ff0a
2011-12-07 14:36:02 BC VERSION:65808
2011-12-07 14:36:02 Tag ID:
2011-12-07 14:36:02 I AM AT PING WRITE
2011-12-07 14:36:02 /vl/p4.jsp?sn=0019db9dbb96&v=65808&st=1&sd=0&tc=fac78d&h=4 7f [04,23]7fffffff00000000000000000000000000000000000000 [03,1]05  ff0a
2011-12-07 14:36:08 BC VERSION:65808
2011-12-07 14:36:08 Tag ID:
2011-12-07 14:36:08 I AM AT PING WRITE
2011-12-07 14:36:08 /vl/p4.jsp?sn=0019db9dbb96&v=65808&st=1&sd=0&tc=fac78d&h=4 7f [04,23]7fffffff00000000000000000000000000000000000000 [03,1]05  ff0a
2011-12-07 14:36:14 BC VERSION:65808
2011-12-07 14:36:14 Tag ID:
2011-12-07 14:36:14 I AM AT PING WRITE
2011-12-07 14:36:14 /vl/p4.jsp?sn=0019db9dbb96&v=65808&st=1&sd=0&tc=fac78d&h=4 7f [04,23]7fffffff00000000000000000000000000000000000000 [03,1]05  ff0a
2011-12-07 14:36:20 BC VERSION:65808
2011-12-07 14:36:20 Tag ID:
2011-12-07 14:36:20 I AM AT PING WRITE
2011-12-07 14:36:20 /vl/p4.jsp?sn=0019db9dbb96&v=65808&st=1&sd=0&tc=fac78d&h=4 7f [04,23]7fffffff00000000000000000000000000000000000000 [03,1]05  ff0a
2011-12-07 14:36:26 BC VERSION:65808
2011-12-07 14:36:26 Tag ID:
2011-12-07 14:36:26 I AM AT PING WRITE
2011-12-07 14:36:26 /vl/p4.jsp?sn=0019db9dbb96&v=65808&st=1&sd=0&tc=fac78d&h=4 7f [04,23]7fffffff00000000000000000000000000000000000000 [03,1]05  ff0a
2011-12-07 14:36:32 BC VERSION:65808
2011-12-07 14:36:32 Tag ID:
2011-12-07 14:36:32 pinginterval: ping to main server
2011-12-07 14:36:32 I AM AT PING WRITE
2011-12-07 14:36:32 /vl/p4.jsp?sn=0019db9dbb96&v=65808&st=1&sd=0&tc=fac78d&h=4 7f [04,23]7fffffff00000000000000000000000000000000000000 [03,1]05  ff0a
2011-12-07 14:36:38 BC VERSION:65808
2011-12-07 14:36:38 Tag ID:
2011-12-07 14:36:38 I AM AT PING WRITE
2011-12-07 14:36:38 /vl/p4.jsp?sn=0019db9dbb96&v=65808&st=1&sd=0&tc=fac78d&h=4 7f [04,23]7fffffff00000000000000000000000000000000000000 [03,1]05  ff0a
2011-12-07 14:36:44 BC VERSION:65808
2011-12-07 14:36:44 Tag ID:
2011-12-07 14:36:44 I AM AT PING WRITE
2011-12-07 14:36:44 /vl/p4.jsp?sn=0019db9dbb96&v=65808&st=1&sd=0&tc=fac78d&h=4 7f [04,23]7fffffff00000000000000000000000000000000000000 [03,1]05  ff0a
2011-12-07 14:36:50 BC VERSION:65808
2011-12-07 14:36:50 Tag ID:
2011-12-07 14:36:50 I AM AT PING WRITE
2011-12-07 14:36:50 /vl/p4.jsp?sn=0019db9dbb96&v=65808&st=1&sd=0&tc=fac78d&h=4 7f [04,23]7fffffff00000000000000000000000000000000000000 [03,1]05  ff0a
2011-12-07 14:36:56 BC VERSION:65808
2011-12-07 14:36:56 Tag ID:
2011-12-07 14:36:56 I AM AT PING WRITE
2011-12-07 14:36:56 /vl/p4.jsp?sn=0019db9dbb96&v=65808&st=1&sd=0&tc=fac78d&h=4 7f [04,23]7fffffff00000000000000000000000000000000000000 [03,1]05  ff0a
2011-12-07 14:37:02 BC VERSION:65808
2011-12-07 14:37:02 Tag ID:
2011-12-07 14:37:02 I AM AT PING WRITE
2011-12-07 14:37:02 /vl/p4.jsp?sn=0019db9dbb96&v=65808&st=1&sd=0&tc=fac78d&h=4 7f [04,23]7fffffff00000000000000000000000000000000000000 [03,1]05  ff0a
2011-12-07 14:37:08 BC VERSION:65808
2011-12-07 14:37:08 Tag ID:
2011-12-07 14:37:08 I AM AT PING WRITE
2011-12-07 14:37:08 /vl/p4.jsp?sn=0019db9dbb96&v=65808&st=1&sd=0&tc=fac78d&h=4 7f [04,23]7fffffff00000000000000000000000000000000000000 [03,1]05  ff0a
2011-12-07 14:37:14 BC VERSION:65808
2011-12-07 14:37:14 Tag ID:
2011-12-07 14:37:14 I AM AT PING WRITE
2011-12-07 14:37:14 /vl/p4.jsp?sn=0019db9dbb96&v=65808&st=1&sd=0&tc=fac78d&h=4 7f [04,23]7fffffff00000000000000000000000000000000000000 [03,1]05  ff0a
2011-12-07 14:37:20 BC VERSION:65808
2011-12-07 14:37:20 Tag ID:
2011-12-07 14:37:20 I AM AT PING WRITE
2011-12-07 14:37:20 /vl/p4.jsp?sn=0019db9dbb96&v=65808&st=1&sd=0&tc=fac78d&h=4 7f [04,23]7fffffff00000000000000000000000000000000000000 [03,1]05  ff0a
2011-12-07 14:37:27 BC VERSION:65808
2011-12-07 14:37:27 Tag ID:
2011-12-07 14:37:27 I AM AT PING WRITE
2011-12-07 14:37:27 /vl/p4.jsp?sn=0019db9dbb96&v=65808&st=1&sd=0&tc=fac78d&h=4 7f [04,23]7fffffff00000000000000000000000000000000000000 [03,1]05  ff0a
2011-12-07 14:37:33 BC VERSION:65808
2011-12-07 14:37:33 Tag ID:
2011-12-07 14:37:33 I AM AT PING WRITE
2011-12-07 14:37:33 /vl/p4.jsp?sn=0019db9dbb96&v=65808&st=1&sd=0&tc=fac78d&h=4 7f [04,23]7fffffff00000000000000000000000000000000000000 [03,1]05  ff0a
2011-12-07 14:37:39 BC VERSION:65808
2011-12-07 14:37:39 Tag ID:
2011-12-07 14:37:39 I AM AT PING WRITE
2011-12-07 14:37:39 /vl/p4.jsp?sn=0019db9dbb96&v=65808&st=1&sd=0&tc=fac78d&h=4 7f [04,23]7fffffff00000000000000000000000000000000000000 [03,1]05  ff0a
2011-12-07 14:37:45 BC VERSION:65808
2011-12-07 14:37:45 Tag ID:
2011-12-07 14:37:45 I AM AT PING WRITE
2011-12-07 14:37:45 /vl/p4.jsp?sn=0019db9dbb96&v=65808&st=1&sd=0&tc=fac78d&h=4 7f [04,23]7fffffff00000000000000000000000000000000000000 [03,1]05  ff0a
2011-12-07 14:37:51 BC VERSION:65808
2011-12-07 14:37:51 Tag ID:
2011-12-07 14:37:51 I AM AT PING WRITE
2011-12-07 14:37:51 /vl/p4.jsp?sn=0019db9dbb96&v=65808&st=1&sd=0&tc=fac78d&h=4 7f [04,23]7fffffff00000000000000000000000000000000000000 [03,1]05  ff0a
2011-12-07 14:37:57 BC VERSION:65808
2011-12-07 14:37:57 Tag ID:
2011-12-07 14:37:57 I AM AT PING WRITE
2011-12-07 14:37:57 /vl/p4.jsp?sn=0019db9dbb96&v=65808&st=1&sd=0&tc=fac78d&h=4 7f [04,23]7fffffff00000000000000000000000000000000000000 [03,1]05  ff0a
2011-12-07 14:38:03 BC VERSION:65808
2011-12-07 14:38:03 Tag ID:
2011-12-07 14:38:03 I AM AT PING WRITE
2011-12-07 14:38:03 /vl/p4.jsp?sn=0019db9dbb96&v=65808&st=1&sd=0&tc=fac78d&h=4 7f [04,23]7fffffff00000000000000000000000000000000000000 [03,1]05  ff0a
2011-12-07 14:38:09 BC VERSION:65808
2011-12-07 14:38:09 Tag ID:
2011-12-07 14:38:09 I AM AT PING WRITE
2011-12-07 14:38:09 /vl/p4.jsp?sn=0019db9dbb96&v=65808&st=1&sd=0&tc=fac78d&h=4 7f [04,23]7fffffff00000000000000000000000000000000000000 [03,1]05  ff0a
2011-12-07 14:38:15 BC VERSION:65808
2011-12-07 14:38:15 Tag ID:
2011-12-07 14:38:15 I AM AT PING WRITE
2011-12-07 14:38:15 /vl/p4.jsp?sn=0019db9dbb96&v=65808&st=1&sd=0&tc=fac78d&h=4 7f [04,23]7fffffff00000000000000000000000000000000000000 [03,1]05  ff0a
2011-12-07 14:38:21 BC VERSION:65808
2011-12-07 14:38:21 Tag ID:
2011-12-07 14:38:21 I AM AT PING WRITE
2011-12-07 14:38:21 /vl/p4.jsp?sn=0019db9dbb96&v=65808&st=1&sd=0&tc=fac78d&h=4 7f [04,23]7fffffff00000000000000000000000000000000000000 [03,1]05  ff0a
2011-12-07 14:38:27 BC VERSION:65808
2011-12-07 14:38:27 Tag ID:
2011-12-07 14:38:27 I AM AT PING WRITE
2011-12-07 14:38:27 /vl/p4.jsp?sn=0019db9dbb96&v=65808&st=1&sd=0&tc=fac78d&h=4 7f [04,23]7fffffff00000000000000000000000000000000000000 [03,1]05  ff0a
2011-12-07 14:38:33 BC VERSION:65808
2011-12-07 14:38:33 Tag ID:
2011-12-07 14:38:33 I AM AT PING WRITE
2011-12-07 14:38:33 /vl/p4.jsp?sn=0019db9dbb96&v=65808&st=1&sd=0&tc=fac78d&h=4 7f [04,23]7fffffff00000000000000000000000000000000000000 [03,1]05  ff0a
2011-12-07 14:38:39 BC VERSION:65808
2011-12-07 14:38:39 Tag ID:
2011-12-07 14:38:39 I AM AT PING WRITE
2011-12-07 14:38:39 /vl/p4.jsp?sn=0019db9dbb96&v=65808&st=1&sd=0&tc=fac78d&h=4 7f [04,23]7fffffff00000000000000000000000000000000000000 [03,1]05  ff0a
2011-12-07 14:38:45 BC VERSION:65808
2011-12-07 14:38:45 Tag ID:
2011-12-07 14:38:45 I AM AT PING WRITE
2011-12-07 14:38:45 /vl/p4.jsp?sn=0019db9dbb96&v=65808&st=1&sd=0&tc=fac78d&h=4 7f [04,23]7fffffff00000000000000000000000000000000000000 [03,1]05  ff0a
2011-12-07 14:38:51 BC VERSION:65808
2011-12-07 14:38:51 Tag ID:
2011-12-07 14:38:51 I AM AT PING WRITE
2011-12-07 14:38:51 /vl/p4.jsp?sn=0019db9dbb96&v=65808&st=1&sd=0&tc=fac78d&h=4 7f [04,23]7fffffff00000000000000000000000000000000000000 [03,1]05  ff0a
